11-11-2018 03:42:04 DEBUG Player:123 - teste
 11-11-2018 03:42:10 DEBUG Player:123 - teste
 11-11-2018 03:42:17 DEBUG Player:123 - teste
 11-11-2018 03:42:19 DEBUG Player:123 - teste
 11-11-2018 03:46:22 DEBUG Player:124 - Player's lives: 2
 11-11-2018 03:47:26 DEBUG Player:124 - Player's lives: 2
 11-11-2018 03:47:30 DEBUG Player:124 - Player's lives: 1
 11-11-2018 03:48:38 DEBUG Player:124 - Player's lives: 2
 11-11-2018 03:48:40 DEBUG Player:124 - Player's lives: 1
 11-11-2018 03:48:46 DEBUG Player:124 - Player's lives: 0
 11-11-2018 03:48:48 DEBUG Player:124 - Player's lives: -1
 11-11-2018 03:48:48 DEBUG Player:140 - Player's initial lives reset to: 3
 11-11-2018 03:48:54 DEBUG Player:124 - Player's lives: 2
 11-11-2018 03:49:01 DEBUG Player:124 - Player's lives: 1
 11-11-2018 03:49:05 DEBUG Player:124 - Player's lives: 0
 11-11-2018 03:49:10 DEBUG Player:124 - Player's lives: -1
 11-11-2018 03:49:59 DEBUG Player:124 - Player's lives: 2
 11-11-2018 03:50:03 DEBUG Player:124 - Player's lives: 1
 11-11-2018 03:50:09 DEBUG Player:124 - Player's lives: 0
 11-11-2018 13:49:29 DEBUG Shield:77 - Enemy hitted
 11-11-2018 13:49:31 DEBUG Player:125 - Player's lives: 2
 11-11-2018 13:49:31 DEBUG Player:174 - Reseting spaceship's position!
 11-11-2018 13:49:33 DEBUG Shield:77 - Enemy hitted
 11-11-2018 13:49:38 DEBUG Player:125 - Player's lives: 1
 11-11-2018 13:49:38 DEBUG Player:174 - Reseting spaceship's position!
 11-11-2018 13:49:41 DEBUG Player:96 - Incriased score
 11-11-2018 13:49:43 DEBUG Shield:77 - Enemy hitted
 11-11-2018 13:49:44 DEBUG Player:125 - Player's lives: 0
 11-11-2018 13:49:44 DEBUG Player:174 - Reseting spaceship's position!
 11-11-2018 13:49:47 DEBUG Shield:77 - Enemy hitted
 11-11-2018 13:49:48 DEBUG Player:96 - Incriased score
 11-11-2018 13:50:00 DEBUG Player:125 - Player's lives: -1
 11-11-2018 13:50:00 DEBUG Player:156 - Lost the game!
 11-11-2018 13:50:00 DEBUG Player:182 - Using continnue game!
 11-11-2018 13:50:00 DEBUG Player:140 - Player's initial lives reset to: 3
 11-11-2018 13:50:00 DEBUG Player:174 - Reseting spaceship's position!
 11-11-2018 13:59:54 DEBUG Player:96 - Incriased score
 11-11-2018 13:59:54 DEBUG Shield:77 - Enemy hitted
 11-11-2018 13:59:56 DEBUG Player:125 - Player's lives: 2
 11-11-2018 13:59:56 DEBUG Player:174 - Reseting spaceship's position!
 11-11-2018 13:59:57 DEBUG Shield:77 - Enemy hitted
 11-11-2018 13:59:59 DEBUG Player:125 - Player's lives: 1
 11-11-2018 13:59:59 DEBUG Player:174 - Reseting spaceship's position!
 11-11-2018 14:00:02 DEBUG Shield:77 - Enemy hitted
 11-11-2018 14:00:03 DEBUG Player:125 - Player's lives: 0
 11-11-2018 14:00:03 DEBUG Player:174 - Reseting spaceship's position!
 11-11-2018 14:00:04 DEBUG Shield:77 - Enemy hitted
 11-11-2018 14:00:06 DEBUG Player:125 - Player's lives: -1
 11-11-2018 14:00:06 DEBUG Player:156 - Lost the game!
 11-11-2018 14:00:06 DEBUG Player:182 - Using continnue game!
 11-11-2018 14:00:06 DEBUG Player:140 - Player's initial lives reset to: 3
 11-11-2018 14:00:06 DEBUG Player:174 - Reseting spaceship's position!
 11-11-2018 14:23:14 DEBUG Shield:77 - Enemy hitted
 11-11-2018 14:23:15 DEBUG Player:125 - Player's lives: 2
 11-11-2018 14:23:15 DEBUG Player:174 - Reseting spaceship's position!
 11-11-2018 14:23:20 DEBUG Shield:77 - Enemy hitted
 11-11-2018 14:24:34 DEBUG Shield:77 - Enemy hitted
 11-11-2018 14:24:35 DEBUG Player:125 - Player's lives: 2
 11-11-2018 14:24:35 DEBUG Player:174 - Reseting spaceship's position!
 11-11-2018 14:28:07 DEBUG Shield:77 - Enemy hitted
 11-11-2018 14:28:07 DEBUG Player:125 - Player's lives: 2
 11-11-2018 14:28:07 DEBUG Player:174 - Reseting spaceship's position!
 11-11-2018 14:28:08 DEBUG Shield:77 - Enemy hitted
 11-11-2018 14:28:10 DEBUG Player:125 - Player's lives: 1
 11-11-2018 14:28:10 DEBUG Player:174 - Reseting spaceship's position!
 11-11-2018 14:29:02 DEBUG Player:96 - Incriased score
 11-11-2018 14:29:02 DEBUG Player:96 - Incriased score
 11-11-2018 14:29:02 DEBUG Shield:77 - Enemy hitted
 11-11-2018 14:29:04 DEBUG Player:125 - Player's lives: 2
 11-11-2018 14:29:04 DEBUG Player:174 - Reseting spaceship's position!
 11-11-2018 14:31:22 DEBUG Player:96 - Incriased score
 11-11-2018 14:31:23 DEBUG Shield:77 - Enemy hitted
 11-11-2018 14:31:25 DEBUG Player:125 - Player's lives: 2
 11-11-2018 14:31:25 DEBUG Player:174 - Reseting spaceship's position!
 11-11-2018 14:32:34 DEBUG Player:96 - Incriased score
 11-11-2018 14:32:34 DEBUG Shield:77 - Enemy hitted
 11-11-2018 14:32:38 DEBUG Player:125 - Player's lives: 2
 11-11-2018 14:32:38 DEBUG Player:174 - Reseting spaceship's position!
 11-11-2018 15:10:28 DEBUG Shield:77 - Enemy hitted
 11-11-2018 15:10:31 DEBUG Player:125 - Player's lives: 2
 11-11-2018 15:10:31 DEBUG Player:174 - Reseting spaceship's position!
 11-11-2018 15:10:32 DEBUG Player:96 - Incriased score
 11-11-2018 15:10:34 DEBUG Shield:77 - Enemy hitted
 11-11-2018 15:10:38 DEBUG Player:125 - Player's lives: 1
 11-11-2018 15:10:38 DEBUG Player:174 - Reseting spaceship's position!
 11-11-2018 15:10:38 DEBUG Shield:77 - Enemy hitted
 11-11-2018 18:49:17 DEBUG Player:101 - Incriased score
 11-11-2018 18:49:18 DEBUG Player:101 - Incriased score
 11-11-2018 18:49:20 DEBUG Player:101 - Incriased score
 11-11-2018 18:49:20 DEBUG Player:101 - Incriased score
 11-11-2018 18:49:20 DEBUG Player:101 - Incriased score
 12-11-2018 04:50:18 DEBUG Player:101 - Incriased score
 12-11-2018 07:56:11 DEBUG Player:101 - Incriased score
 12-11-2018 07:56:15 DEBUG Player:101 - Incriased score
 12-11-2018 07:56:16 DEBUG Player:101 - Incriased score
 12-11-2018 07:56:17 DEBUG Player:101 - Incriased score
 12-11-2018 07:56:26 DEBUG Player:101 - Incriased score
 12-11-2018 07:56:27 DEBUG Player:101 - Incriased score
 12-11-2018 07:56:31 DEBUG Player:101 - Incriased score
 12-11-2018 08:07:41 DEBUG Player:101 - Incriased score
 12-11-2018 08:07:41 DEBUG Player:101 - Incriased score
 12-11-2018 08:07:42 DEBUG Player:101 - Incriased score
 12-11-2018 08:07:43 DEBUG Shield:77 - Enemy hitted
 12-11-2018 08:07:46 DEBUG Player:135 - Player's lives: 2
 12-11-2018 08:07:46 DEBUG Player:185 - Reseting spaceship's position!
 12-11-2018 08:07:47 DEBUG Shield:77 - Enemy hitted
 12-11-2018 08:07:49 DEBUG Player:135 - Player's lives: 1
 12-11-2018 08:07:49 DEBUG Player:185 - Reseting spaceship's position!
 12-11-2018 08:07:50 DEBUG Shield:77 - Enemy hitted
 12-11-2018 08:07:52 DEBUG Player:135 - Player's lives: 0
 12-11-2018 08:07:52 DEBUG Player:185 - Reseting spaceship's position!
 12-11-2018 08:07:53 DEBUG Shield:77 - Enemy hitted
 12-11-2018 08:07:55 DEBUG Player:135 - Player's lives: -1
 12-11-2018 08:07:55 DEBUG Player:167 - Lost the game!
 12-11-2018 08:07:55 DEBUG Player:193 - Using continnue game!
 12-11-2018 08:07:55 DEBUG Player:151 - Player's initial lives reset to: 3
 12-11-2018 08:07:55 DEBUG Player:185 - Reseting spaceship's position!
 12-11-2018 08:07:57 DEBUG Shield:77 - Enemy hitted
 12-11-2018 08:07:58 DEBUG Player:135 - Player's lives: 2
 12-11-2018 08:07:58 DEBUG Player:185 - Reseting spaceship's position!
 12-11-2018 08:07:58 DEBUG Shield:77 - Enemy hitted
 12-11-2018 08:07:59 DEBUG Player:135 - Player's lives: 1
 12-11-2018 08:07:59 DEBUG Player:185 - Reseting spaceship's position!
 12-11-2018 08:08:03 DEBUG Shield:77 - Enemy hitted
 12-11-2018 08:08:04 DEBUG Player:135 - Player's lives: 0
 12-11-2018 08:08:04 DEBUG Player:185 - Reseting spaceship's position!
 12-11-2018 08:08:05 DEBUG Shield:77 - Enemy hitted
 12-11-2018 08:08:06 DEBUG Player:135 - Player's lives: -1
 12-11-2018 08:08:06 DEBUG Player:167 - Lost the game!
 12-11-2018 08:41:04 DEBUG Shield:77 - Enemy hitted
 12-11-2018 08:41:07 DEBUG Player:101 - Incriased score
 12-11-2018 08:41:09 DEBUG Player:101 - Incriased score
 12-11-2018 08:41:10 DEBUG Player:101 - Incriased score
 12-11-2018 08:41:15 DEBUG Player:135 - Player's lives: 2
 12-11-2018 08:41:15 DEBUG Player:185 - Reseting spaceship's position!
 12-11-2018 08:41:15 DEBUG Shield:77 - Enemy hitted
 12-11-2018 08:41:22 DEBUG Player:135 - Player's lives: 1
 12-11-2018 08:41:22 DEBUG Player:185 - Reseting spaceship's position!
 12-11-2018 08:41:32 DEBUG Player:101 - Incriased score
 12-11-2018 08:47:07 DEBUG Player:101 - Incriased score
 12-11-2018 08:47:07 DEBUG Player:101 - Incriased score
 12-11-2018 08:47:08 DEBUG Player:101 - Incriased score
 12-11-2018 08:48:13 DEBUG Player:101 - Incriased score
 12-11-2018 08:48:14 DEBUG Player:101 - Incriased score
 12-11-2018 08:48:16 DEBUG Player:101 - Incriased score
 12-11-2018 08:48:50 DEBUG Player:101 - Incriased score
 12-11-2018 08:48:54 DEBUG Player:101 - Incriased score
 12-11-2018 08:48:56 DEBUG Player:101 - Incriased score
 12-11-2018 08:49:28 DEBUG Player:101 - Incriased score
 12-11-2018 08:49:31 DEBUG Player:101 - Incriased score
 12-11-2018 08:49:35 DEBUG Player:101 - Incriased score
 12-11-2018 10:05:37 DEBUG Player:101 - Incriased score
 12-11-2018 10:05:37 DEBUG Player:101 - Incriased score
 12-11-2018 10:05:38 DEBUG Player:101 - Incriased score
 12-11-2018 10:05:39 DEBUG Player:101 - Incriased score
 12-11-2018 10:05:41 DEBUG Player:101 - Incriased score
 12-11-2018 10:05:45 DEBUG Shield:77 - Enemy hitted
 12-11-2018 10:05:55 DEBUG Player:135 - Player's lives: 2
 12-11-2018 10:05:55 DEBUG Player:185 - Reseting spaceship's position!
 12-11-2018 10:05:55 DEBUG Player:101 - Incriased score
 12-11-2018 10:05:57 DEBUG Shield:77 - Enemy hitted
 12-11-2018 10:05:58 DEBUG Player:101 - Incriased score
 12-11-2018 10:06:01 DEBUG Player:101 - Incriased score
 12-11-2018 10:06:07 DEBUG Player:101 - Incriased score
 12-11-2018 10:06:31 DEBUG Player:101 - Incriased score
 12-11-2018 10:06:49 DEBUG Player:135 - Player's lives: 1
 12-11-2018 10:06:49 DEBUG Player:185 - Reseting spaceship's position!
 12-11-2018 10:07:01 DEBUG Shield:77 - Enemy hitted
 12-11-2018 10:07:19 DEBUG Player:135 - Player's lives: 0
 12-11-2018 10:07:19 DEBUG Player:185 - Reseting spaceship's position!
 12-11-2018 10:07:20 DEBUG Shield:77 - Enemy hitted
 12-11-2018 10:07:24 DEBUG Player:135 - Player's lives: -1
 12-11-2018 10:07:24 DEBUG Player:167 - Lost the game!
 12-11-2018 10:07:24 DEBUG Player:193 - Using continnue game!
 12-11-2018 10:07:24 DEBUG Player:151 - Player's initial lives reset to: 3
 12-11-2018 10:07:24 DEBUG Player:185 - Reseting spaceship's position!
 12-11-2018 10:11:05 DEBUG Bullet:46 - Shot
 12-11-2018 10:11:05 DEBUG Bullet:46 - Shot
 12-11-2018 10:11:05 DEBUG Bullet:46 - Shot
 12-11-2018 10:11:05 DEBUG Bullet:46 - Shot
 12-11-2018 10:11:06 DEBUG Bullet:46 - Shot
 12-11-2018 10:11:06 DEBUG Bullet:46 - Shot
 12-11-2018 10:11:06 DEBUG Bullet:46 - Shot
 12-11-2018 10:11:06 DEBUG Bullet:46 - Shot
 12-11-2018 10:11:06 DEBUG Bullet:46 - Shot
 12-11-2018 10:11:06 DEBUG Bullet:46 - Shot
 12-11-2018 10:11:06 DEBUG Bullet:46 - Shot
 12-11-2018 10:11:06 DEBUG Bullet:46 - Shot
 12-11-2018 10:11:07 DEBUG Bullet:46 - Shot
 12-11-2018 10:11:07 DEBUG Bullet:46 - Shot
 12-11-2018 10:11:07 DEBUG Bullet:46 - Shot
 12-11-2018 10:11:07 DEBUG Bullet:46 - Shot
 12-11-2018 10:11:07 DEBUG Bullet:46 - Shot
 12-11-2018 10:11:07 DEBUG Bullet:46 - Shot
 12-11-2018 10:11:07 DEBUG Bullet:46 - Shot
 12-11-2018 10:11:10 DEBUG Bullet:46 - Shot
 12-11-2018 10:11:10 DEBUG Bullet:46 - Shot
 12-11-2018 10:11:10 DEBUG Bullet:46 - Shot
 12-11-2018 10:11:10 DEBUG Bullet:46 - Shot
 12-11-2018 10:11:10 DEBUG Bullet:46 - Shot
 12-11-2018 10:11:10 DEBUG Bullet:46 - Shot
 12-11-2018 10:11:10 DEBUG Bullet:46 - Shot
 12-11-2018 10:11:10 DEBUG Bullet:46 - Shot
 12-11-2018 10:11:10 DEBUG Bullet:46 - Shot
 12-11-2018 10:11:11 DEBUG Bullet:46 - Shot
 12-11-2018 10:11:11 DEBUG Bullet:46 - Shot
 12-11-2018 10:11:11 DEBUG Bullet:46 - Shot
 12-11-2018 10:11:11 DEBUG Bullet:46 - Shot
 12-11-2018 10:11:11 DEBUG Bullet:46 - Shot
 12-11-2018 10:11:11 DEBUG Bullet:46 - Shot
 12-11-2018 10:11:11 DEBUG Bullet:46 - Shot
 12-11-2018 10:11:11 DEBUG Bullet:46 - Shot
 12-11-2018 10:11:11 DEBUG Bullet:46 - Shot
 12-11-2018 10:11:12 DEBUG Bullet:46 - Shot
 12-11-2018 10:11:12 DEBUG Bullet:46 - Shot
 12-11-2018 10:11:12 DEBUG Bullet:46 - Shot
 12-11-2018 10:11:12 DEBUG Bullet:46 - Shot
 12-11-2018 10:11:12 DEBUG Bullet:46 - Shot
 12-11-2018 10:11:12 DEBUG Bullet:46 - Shot
 12-11-2018 10:11:12 DEBUG Bullet:46 - Shot
 12-11-2018 10:11:12 DEBUG Bullet:46 - Shot
 12-11-2018 10:11:12 DEBUG Player:101 - Incriased score
 12-11-2018 10:11:12 DEBUG Bullet:46 - Shot
 12-11-2018 10:11:12 DEBUG Bullet:46 - Shot
 12-11-2018 10:11:13 DEBUG Bullet:46 - Shot
 12-11-2018 10:11:13 DEBUG Player:101 - Incriased score
 12-11-2018 10:11:13 DEBUG Bullet:46 - Shot
 12-11-2018 10:11:13 DEBUG Bullet:46 - Shot
 12-11-2018 10:11:13 DEBUG Bullet:46 - Shot
 12-11-2018 10:11:13 DEBUG Bullet:46 - Shot
 12-11-2018 10:11:13 DEBUG Bullet:46 - Shot
 12-11-2018 10:11:13 DEBUG Bullet:46 - Shot
 12-11-2018 10:11:13 DEBUG Bullet:46 - Shot
 12-11-2018 10:11:13 DEBUG Bullet:46 - Shot
 12-11-2018 10:11:14 DEBUG Bullet:46 - Shot
 12-11-2018 10:11:14 DEBUG Bullet:46 - Shot
 12-11-2018 10:11:14 DEBUG Bullet:46 - Shot
 12-11-2018 10:11:14 DEBUG Bullet:46 - Shot
 12-11-2018 10:11:14 DEBUG Bullet:46 - Shot
 12-11-2018 10:11:14 DEBUG Bullet:46 - Shot
 12-11-2018 10:11:14 DEBUG Bullet:46 - Shot
 12-11-2018 10:29:40 DEBUG Bullet:46 - Shot
 12-11-2018 10:29:40 DEBUG Bullet:46 - Shot
 12-11-2018 10:29:41 DEBUG Bullet:46 - Shot
 12-11-2018 10:29:41 DEBUG Bullet:46 - Shot
 12-11-2018 10:29:41 DEBUG Bullet:46 - Shot
 12-11-2018 10:29:41 DEBUG Bullet:46 - Shot
 12-11-2018 10:29:41 DEBUG Bullet:46 - Shot
 12-11-2018 10:29:41 DEBUG Bullet:46 - Shot
 12-11-2018 10:29:41 DEBUG Player:101 - Incriased score
 12-11-2018 10:29:41 DEBUG Bullet:46 - Shot
 12-11-2018 10:29:41 DEBUG Bullet:46 - Shot
 12-11-2018 10:29:41 DEBUG Bullet:46 - Shot
 12-11-2018 10:29:41 DEBUG Player:101 - Incriased score
 12-11-2018 10:29:41 DEBUG Player:101 - Incriased score
 12-11-2018 10:29:42 DEBUG Bullet:46 - Shot
 12-11-2018 10:29:42 DEBUG Bullet:46 - Shot
 12-11-2018 10:29:42 DEBUG Bullet:46 - Shot
 12-11-2018 10:29:42 DEBUG Bullet:46 - Shot
 12-11-2018 10:29:42 DEBUG Player:101 - Incriased score
 12-11-2018 10:29:42 DEBUG Bullet:46 - Shot
 12-11-2018 10:29:42 DEBUG Bullet:46 - Shot
 12-11-2018 10:29:42 DEBUG Bullet:46 - Shot
 12-11-2018 10:29:42 DEBUG Bullet:46 - Shot
 12-11-2018 10:29:42 DEBUG Bullet:46 - Shot
 12-11-2018 10:29:42 DEBUG Bullet:46 - Shot
 12-11-2018 10:29:43 DEBUG Bullet:46 - Shot
 12-11-2018 10:29:43 DEBUG Bullet:46 - Shot
 12-11-2018 10:29:43 DEBUG Bullet:46 - Shot
 12-11-2018 10:29:43 DEBUG Bullet:46 - Shot
 12-11-2018 10:29:43 DEBUG Bullet:46 - Shot
 12-11-2018 10:29:43 DEBUG Bullet:46 - Shot
 12-11-2018 10:29:43 DEBUG Bullet:46 - Shot
 12-11-2018 10:29:43 DEBUG Bullet:46 - Shot
 12-11-2018 10:29:43 DEBUG Bullet:46 - Shot
 12-11-2018 10:29:44 DEBUG Bullet:46 - Shot
 12-11-2018 10:29:44 DEBUG Bullet:46 - Shot
 12-11-2018 10:29:44 DEBUG Bullet:46 - Shot
 12-11-2018 10:29:44 DEBUG Bullet:46 - Shot
 12-11-2018 10:29:44 DEBUG Player:101 - Incriased score
 12-11-2018 10:29:44 DEBUG Bullet:46 - Shot
 12-11-2018 10:29:44 DEBUG Bullet:46 - Shot
 12-11-2018 10:29:44 DEBUG Bullet:46 - Shot
 12-11-2018 10:29:44 DEBUG Bullet:46 - Shot
 12-11-2018 10:29:44 DEBUG Bullet:46 - Shot
 12-11-2018 10:29:44 DEBUG Bullet:46 - Shot
 12-11-2018 10:29:45 DEBUG Bullet:46 - Shot
 12-11-2018 10:29:45 DEBUG Player:101 - Incriased score
 12-11-2018 10:29:45 DEBUG Bullet:46 - Shot
 12-11-2018 10:29:45 DEBUG Bullet:46 - Shot
 12-11-2018 10:29:45 DEBUG Bullet:46 - Shot
 12-11-2018 10:29:45 DEBUG Bullet:46 - Shot
 12-11-2018 10:29:45 DEBUG Bullet:46 - Shot
 12-11-2018 10:29:45 DEBUG Bullet:46 - Shot
 12-11-2018 10:29:45 DEBUG Bullet:46 - Shot
 12-11-2018 10:29:45 DEBUG Bullet:46 - Shot
 12-11-2018 10:29:46 DEBUG Bullet:46 - Shot
 12-11-2018 10:29:46 DEBUG Bullet:46 - Shot
 12-11-2018 10:29:46 DEBUG Bullet:46 - Shot
 12-11-2018 10:29:46 DEBUG Bullet:46 - Shot
 12-11-2018 10:29:46 DEBUG Bullet:46 - Shot
 12-11-2018 10:29:46 DEBUG Bullet:46 - Shot
 12-11-2018 10:29:46 DEBUG Player:101 - Incriased score
 12-11-2018 10:29:46 DEBUG Bullet:46 - Shot
 12-11-2018 10:29:46 DEBUG Bullet:46 - Shot
 12-11-2018 10:29:46 DEBUG Bullet:46 - Shot
 12-11-2018 10:29:47 DEBUG Bullet:46 - Shot
 12-11-2018 10:29:47 DEBUG Bullet:46 - Shot
 12-11-2018 10:29:47 DEBUG Bullet:46 - Shot
 12-11-2018 10:29:47 DEBUG Bullet:46 - Shot
 12-11-2018 10:29:47 DEBUG Bullet:46 - Shot
 12-11-2018 10:29:47 DEBUG Bullet:46 - Shot
 12-11-2018 10:29:47 DEBUG Bullet:46 - Shot
 12-11-2018 10:29:47 DEBUG Bullet:46 - Shot
 12-11-2018 10:29:47 DEBUG Player:101 - Incriased score
 12-11-2018 10:29:47 DEBUG Bullet:46 - Shot
 12-11-2018 10:29:47 DEBUG Bullet:46 - Shot
 12-11-2018 10:29:48 DEBUG Bullet:46 - Shot
 12-11-2018 10:29:48 DEBUG Bullet:46 - Shot
 12-11-2018 10:29:48 DEBUG Bullet:46 - Shot
 12-11-2018 10:29:48 DEBUG Bullet:46 - Shot
 12-11-2018 10:29:48 DEBUG Bullet:46 - Shot
 12-11-2018 10:29:48 DEBUG Bullet:46 - Shot
 12-11-2018 10:29:48 DEBUG Bullet:46 - Shot
 12-11-2018 10:29:48 DEBUG Bullet:46 - Shot
 12-11-2018 10:29:48 DEBUG Bullet:46 - Shot
 12-11-2018 10:29:49 DEBUG Bullet:46 - Shot
 12-11-2018 10:29:49 DEBUG Bullet:46 - Shot
 12-11-2018 10:29:49 DEBUG Bullet:46 - Shot
 12-11-2018 10:29:49 DEBUG Bullet:46 - Shot
 12-11-2018 10:29:49 DEBUG Bullet:46 - Shot
 12-11-2018 10:29:49 DEBUG Bullet:46 - Shot
 12-11-2018 10:29:49 DEBUG Bullet:46 - Shot
 12-11-2018 10:29:49 DEBUG Bullet:46 - Shot
 12-11-2018 10:29:49 DEBUG Bullet:46 - Shot
 12-11-2018 10:29:49 DEBUG Bullet:46 - Shot
 12-11-2018 10:29:50 DEBUG Bullet:46 - Shot
 12-11-2018 10:29:50 DEBUG Bullet:46 - Shot
 12-11-2018 10:29:50 DEBUG Bullet:46 - Shot
 12-11-2018 10:29:50 DEBUG Bullet:46 - Shot
 12-11-2018 10:29:50 DEBUG Bullet:46 - Shot
 12-11-2018 10:29:50 DEBUG Bullet:46 - Shot
 12-11-2018 10:29:50 DEBUG Bullet:46 - Shot
 12-11-2018 10:29:50 DEBUG Bullet:46 - Shot
 12-11-2018 10:29:50 DEBUG Bullet:46 - Shot
 12-11-2018 10:29:50 DEBUG Bullet:46 - Shot
 12-11-2018 10:29:51 DEBUG Bullet:46 - Shot
 12-11-2018 10:29:51 DEBUG Bullet:46 - Shot
 12-11-2018 10:29:51 DEBUG Player:101 - Incriased score
 12-11-2018 10:35:58 DEBUG Bullet:46 - Shot
 12-11-2018 10:35:59 DEBUG Bullet:46 - Shot
 12-11-2018 10:35:59 DEBUG Bullet:46 - Shot
 12-11-2018 10:35:59 DEBUG Bullet:46 - Shot
 12-11-2018 10:35:59 DEBUG Bullet:46 - Shot
 12-11-2018 10:35:59 DEBUG Bullet:46 - Shot
 12-11-2018 10:35:59 DEBUG Bullet:46 - Shot
 12-11-2018 10:35:59 DEBUG Bullet:46 - Shot
 12-11-2018 10:35:59 DEBUG Player:101 - Incriased score
 12-11-2018 10:35:59 DEBUG Bullet:46 - Shot
 12-11-2018 10:35:59 DEBUG Bullet:46 - Shot
 12-11-2018 10:35:59 DEBUG Player:101 - Incriased score
 12-11-2018 10:35:59 DEBUG Bullet:46 - Shot
 12-11-2018 10:36:00 DEBUG Bullet:46 - Shot
 12-11-2018 10:36:00 DEBUG Bullet:46 - Shot
 12-11-2018 10:36:00 DEBUG Bullet:46 - Shot
 12-11-2018 10:36:00 DEBUG Bullet:46 - Shot
 12-11-2018 10:36:00 DEBUG Bullet:46 - Shot
 12-11-2018 10:36:00 DEBUG Bullet:46 - Shot
 12-11-2018 10:36:00 DEBUG Bullet:46 - Shot
 12-11-2018 10:36:00 DEBUG Bullet:46 - Shot
 12-11-2018 10:36:00 DEBUG Bullet:46 - Shot
 12-11-2018 10:36:01 DEBUG Bullet:46 - Shot
 12-11-2018 10:36:01 DEBUG Bullet:46 - Shot
 12-11-2018 10:36:01 DEBUG Bullet:46 - Shot
 12-11-2018 10:36:01 DEBUG Bullet:46 - Shot
 12-11-2018 10:36:01 DEBUG Bullet:46 - Shot
 12-11-2018 10:36:02 DEBUG Bullet:46 - Shot
 12-11-2018 10:36:02 DEBUG Bullet:46 - Shot
 12-11-2018 10:36:02 DEBUG Bullet:46 - Shot
 12-11-2018 10:36:02 DEBUG Bullet:46 - Shot
 12-11-2018 10:36:02 DEBUG Bullet:46 - Shot
 12-11-2018 10:36:02 DEBUG Bullet:46 - Shot
 12-11-2018 10:36:02 DEBUG Bullet:46 - Shot
 12-11-2018 10:36:02 DEBUG Bullet:46 - Shot
 12-11-2018 10:36:02 DEBUG Bullet:46 - Shot
 12-11-2018 10:36:02 DEBUG Bullet:46 - Shot
 12-11-2018 10:36:03 DEBUG Bullet:46 - Shot
 12-11-2018 10:36:03 DEBUG Bullet:46 - Shot
 12-11-2018 10:36:03 DEBUG Bullet:46 - Shot
 12-11-2018 10:36:03 DEBUG Bullet:46 - Shot
 12-11-2018 10:36:03 DEBUG Bullet:46 - Shot
 12-11-2018 10:36:03 DEBUG Bullet:46 - Shot
 12-11-2018 10:36:03 DEBUG Bullet:46 - Shot
 12-11-2018 10:36:03 DEBUG Bullet:46 - Shot
 12-11-2018 10:36:03 DEBUG Bullet:46 - Shot
 12-11-2018 10:36:04 DEBUG Bullet:46 - Shot
 12-11-2018 10:36:04 DEBUG Bullet:46 - Shot
 12-11-2018 10:36:04 DEBUG Bullet:46 - Shot
 12-11-2018 10:36:04 DEBUG Bullet:46 - Shot
 12-11-2018 10:36:04 DEBUG Bullet:46 - Shot
 12-11-2018 10:36:04 DEBUG Bullet:46 - Shot
 12-11-2018 10:36:04 DEBUG Bullet:46 - Shot
 12-11-2018 10:36:04 DEBUG Bullet:46 - Shot
 12-11-2018 10:36:04 DEBUG Bullet:46 - Shot
 12-11-2018 10:36:04 DEBUG Bullet:46 - Shot
 12-11-2018 10:36:05 DEBUG Bullet:46 - Shot
 12-11-2018 10:36:05 DEBUG Bullet:46 - Shot
 12-11-2018 10:36:05 DEBUG Bullet:46 - Shot
 12-11-2018 10:36:05 DEBUG Bullet:46 - Shot
 12-11-2018 10:36:05 DEBUG Bullet:46 - Shot
 12-11-2018 10:36:05 DEBUG Bullet:46 - Shot
 12-11-2018 10:36:05 DEBUG Bullet:46 - Shot
 12-11-2018 10:36:05 DEBUG Bullet:46 - Shot
 12-11-2018 10:36:05 DEBUG Bullet:46 - Shot
 12-11-2018 10:36:06 DEBUG Bullet:46 - Shot
 12-11-2018 10:36:06 DEBUG Bullet:46 - Shot
 12-11-2018 10:36:06 DEBUG Bullet:46 - Shot
 12-11-2018 10:36:06 DEBUG Player:101 - Incriased score
 12-11-2018 10:36:06 DEBUG Bullet:46 - Shot
 12-11-2018 10:36:06 DEBUG Bullet:46 - Shot
 12-11-2018 10:36:06 DEBUG Bullet:46 - Shot
 12-11-2018 10:36:06 DEBUG Bullet:46 - Shot
 12-11-2018 10:36:06 DEBUG Bullet:46 - Shot
 12-11-2018 10:36:06 DEBUG Bullet:46 - Shot
 12-11-2018 10:36:06 DEBUG Bullet:46 - Shot
 12-11-2018 10:36:07 DEBUG Player:101 - Incriased score
 12-11-2018 10:36:07 DEBUG Bullet:46 - Shot
 12-11-2018 10:36:07 DEBUG Bullet:46 - Shot
 12-11-2018 10:36:07 DEBUG Player:101 - Incriased score
 12-11-2018 10:36:07 DEBUG Bullet:46 - Shot
 12-11-2018 10:36:07 DEBUG Bullet:46 - Shot
 12-11-2018 10:36:07 DEBUG Bullet:46 - Shot
 12-11-2018 10:36:07 DEBUG Bullet:46 - Shot
 12-11-2018 10:36:07 DEBUG Bullet:46 - Shot
 12-11-2018 10:36:07 DEBUG Bullet:46 - Shot
 12-11-2018 10:36:07 DEBUG Bullet:46 - Shot
 12-11-2018 10:36:08 DEBUG Bullet:46 - Shot
 12-11-2018 10:36:08 DEBUG Bullet:46 - Shot
 12-11-2018 10:36:08 DEBUG Bullet:46 - Shot
 12-11-2018 10:36:08 DEBUG Bullet:46 - Shot
 12-11-2018 10:36:08 DEBUG Bullet:46 - Shot
 12-11-2018 10:36:08 DEBUG Bullet:46 - Shot
 12-11-2018 10:36:08 DEBUG Player:101 - Incriased score
 12-11-2018 10:36:08 DEBUG Bullet:46 - Shot
 12-11-2018 10:36:08 DEBUG Bullet:46 - Shot
 12-11-2018 10:36:08 DEBUG Bullet:46 - Shot
 12-11-2018 10:36:08 DEBUG Bullet:46 - Shot
 12-11-2018 10:36:09 DEBUG Bullet:46 - Shot
 12-11-2018 10:36:09 DEBUG Bullet:46 - Shot
 12-11-2018 10:36:09 DEBUG Bullet:46 - Shot
 12-11-2018 10:36:09 DEBUG Bullet:46 - Shot
 12-11-2018 10:36:09 DEBUG Bullet:46 - Shot
 12-11-2018 10:36:09 DEBUG Bullet:46 - Shot
 12-11-2018 10:36:09 DEBUG Bullet:46 - Shot
 12-11-2018 10:36:09 DEBUG Bullet:46 - Shot
 12-11-2018 10:36:09 DEBUG Bullet:46 - Shot
 12-11-2018 10:36:09 DEBUG Bullet:46 - Shot
 12-11-2018 10:36:10 DEBUG Bullet:46 - Shot
 12-11-2018 10:36:10 DEBUG Bullet:46 - Shot
 12-11-2018 10:36:10 DEBUG Bullet:46 - Shot
 12-11-2018 10:36:10 DEBUG Bullet:46 - Shot
 12-11-2018 10:36:10 DEBUG Bullet:46 - Shot
 12-11-2018 10:36:10 DEBUG Bullet:46 - Shot
 12-11-2018 10:36:10 DEBUG Bullet:46 - Shot
 12-11-2018 10:36:10 DEBUG Bullet:46 - Shot
 12-11-2018 10:36:10 DEBUG Bullet:46 - Shot
 12-11-2018 10:36:11 DEBUG Bullet:46 - Shot
 12-11-2018 10:36:11 DEBUG Bullet:46 - Shot
 12-11-2018 10:36:11 DEBUG Bullet:46 - Shot
 12-11-2018 10:36:11 DEBUG Bullet:46 - Shot
 12-11-2018 10:36:11 DEBUG Bullet:46 - Shot
 12-11-2018 10:36:11 DEBUG Bullet:46 - Shot
 12-11-2018 10:36:11 DEBUG Bullet:46 - Shot
 12-11-2018 10:36:11 DEBUG Bullet:46 - Shot
 12-11-2018 10:36:11 DEBUG Bullet:46 - Shot
 12-11-2018 10:36:11 DEBUG Bullet:46 - Shot
 12-11-2018 10:36:12 DEBUG Bullet:46 - Shot
 12-11-2018 10:36:12 DEBUG Bullet:46 - Shot
 12-11-2018 10:36:12 DEBUG Bullet:46 - Shot
 12-11-2018 10:36:12 DEBUG Bullet:46 - Shot
 12-11-2018 10:36:12 DEBUG Bullet:46 - Shot
 12-11-2018 10:36:12 DEBUG Bullet:46 - Shot
 12-11-2018 10:36:12 DEBUG Bullet:46 - Shot
 12-11-2018 10:36:12 DEBUG Bullet:46 - Shot
 12-11-2018 10:36:12 DEBUG Bullet:46 - Shot
 12-11-2018 10:36:13 DEBUG Bullet:46 - Shot
 12-11-2018 10:37:27 DEBUG Bullet:29 - Shot
 12-11-2018 10:37:27 DEBUG Bullet:29 - Shot
 12-11-2018 10:37:27 DEBUG Bullet:29 - Shot
 12-11-2018 10:37:27 DEBUG Bullet:29 - Shot
 12-11-2018 10:37:27 DEBUG Bullet:29 - Shot
 12-11-2018 10:37:27 DEBUG Bullet:29 - Shot
 12-11-2018 10:37:28 DEBUG Bullet:29 - Shot
 12-11-2018 10:37:28 DEBUG Bullet:29 - Shot
 12-11-2018 10:37:28 DEBUG Bullet:29 - Shot
 12-11-2018 10:37:28 DEBUG Bullet:29 - Shot
 12-11-2018 10:37:28 DEBUG Bullet:29 - Shot
 12-11-2018 10:37:28 DEBUG Bullet:29 - Shot
 12-11-2018 10:37:28 DEBUG Bullet:29 - Shot
 12-11-2018 10:37:28 DEBUG Bullet:29 - Shot
 12-11-2018 10:37:28 DEBUG Player:101 - Incriased score
 12-11-2018 10:37:28 DEBUG Bullet:29 - Shot
 12-11-2018 10:37:29 DEBUG Bullet:29 - Shot
 12-11-2018 10:37:29 DEBUG Bullet:29 - Shot
 12-11-2018 10:37:29 DEBUG Bullet:29 - Shot
 12-11-2018 10:37:29 DEBUG Bullet:29 - Shot
 12-11-2018 10:37:29 DEBUG Bullet:29 - Shot
 12-11-2018 10:37:29 DEBUG Bullet:29 - Shot
 12-11-2018 10:37:29 DEBUG Bullet:29 - Shot
 12-11-2018 10:37:29 DEBUG Bullet:29 - Shot
 12-11-2018 10:37:29 DEBUG Bullet:29 - Shot
 12-11-2018 10:37:29 DEBUG Bullet:29 - Shot
 12-11-2018 10:37:30 DEBUG Bullet:29 - Shot
 12-11-2018 10:37:30 DEBUG Bullet:29 - Shot
 12-11-2018 10:37:30 DEBUG Bullet:29 - Shot
 12-11-2018 10:37:30 DEBUG Bullet:29 - Shot
 12-11-2018 10:37:30 DEBUG Bullet:29 - Shot
 12-11-2018 10:37:30 DEBUG Bullet:29 - Shot
 12-11-2018 10:37:30 DEBUG Player:101 - Incriased score
 12-11-2018 10:37:30 DEBUG Bullet:29 - Shot
 12-11-2018 10:37:30 DEBUG Player:101 - Incriased score
 12-11-2018 10:37:30 DEBUG Bullet:29 - Shot
 12-11-2018 10:37:30 DEBUG Bullet:29 - Shot
 12-11-2018 10:37:31 DEBUG Bullet:29 - Shot
 12-11-2018 10:37:31 DEBUG Bullet:29 - Shot
 12-11-2018 10:37:31 DEBUG Bullet:29 - Shot
 12-11-2018 10:37:31 DEBUG Bullet:29 - Shot
 12-11-2018 10:37:31 DEBUG Bullet:29 - Shot
 12-11-2018 10:37:31 DEBUG Bullet:29 - Shot
 12-11-2018 10:37:31 DEBUG Bullet:29 - Shot
 12-11-2018 10:37:31 DEBUG Bullet:29 - Shot
 12-11-2018 10:37:31 DEBUG Bullet:29 - Shot
 12-11-2018 10:37:32 DEBUG Bullet:29 - Shot
 12-11-2018 10:37:32 DEBUG Bullet:29 - Shot
 12-11-2018 10:37:32 DEBUG Bullet:29 - Shot
 12-11-2018 10:37:32 DEBUG Bullet:29 - Shot
 12-11-2018 10:37:32 DEBUG Bullet:29 - Shot
 12-11-2018 10:37:32 DEBUG Bullet:29 - Shot
 12-11-2018 10:37:32 DEBUG Bullet:29 - Shot
 12-11-2018 10:37:32 DEBUG Bullet:29 - Shot
 12-11-2018 10:37:32 DEBUG Bullet:29 - Shot
 12-11-2018 10:37:32 DEBUG Bullet:29 - Shot
 12-11-2018 10:37:33 DEBUG Bullet:29 - Shot
 12-11-2018 10:37:33 DEBUG Bullet:29 - Shot
 12-11-2018 10:37:33 DEBUG Bullet:29 - Shot
 12-11-2018 10:37:33 DEBUG Bullet:29 - Shot
 12-11-2018 10:37:33 DEBUG Bullet:29 - Shot
 12-11-2018 10:37:33 DEBUG Bullet:29 - Shot
 12-11-2018 10:37:33 DEBUG Bullet:29 - Shot
 12-11-2018 10:37:33 DEBUG Bullet:29 - Shot
 12-11-2018 10:37:33 DEBUG Bullet:29 - Shot
 12-11-2018 10:37:34 DEBUG Bullet:29 - Shot
 12-11-2018 10:37:34 DEBUG Bullet:29 - Shot
 12-11-2018 10:37:34 DEBUG Bullet:29 - Shot
 12-11-2018 10:37:34 DEBUG Bullet:29 - Shot
 12-11-2018 10:37:34 DEBUG Bullet:29 - Shot
 12-11-2018 10:37:34 DEBUG Player:101 - Incriased score
 12-11-2018 10:37:34 DEBUG Bullet:29 - Shot
 12-11-2018 10:37:34 DEBUG Bullet:29 - Shot
 12-11-2018 10:37:34 DEBUG Bullet:29 - Shot
 12-11-2018 10:37:34 DEBUG Bullet:29 - Shot
 12-11-2018 10:37:34 DEBUG Bullet:29 - Shot
 12-11-2018 10:37:35 DEBUG Bullet:29 - Shot
 12-11-2018 10:37:35 DEBUG Bullet:29 - Shot
 12-11-2018 10:37:35 DEBUG Bullet:29 - Shot
 12-11-2018 10:37:35 DEBUG Bullet:29 - Shot
 12-11-2018 10:37:35 DEBUG Bullet:29 - Shot
 12-11-2018 10:37:35 DEBUG Bullet:29 - Shot
 12-11-2018 10:37:35 DEBUG Bullet:29 - Shot
 12-11-2018 10:37:35 DEBUG Bullet:29 - Shot
 12-11-2018 10:37:35 DEBUG Bullet:29 - Shot
 12-11-2018 10:37:36 DEBUG Bullet:29 - Shot
 12-11-2018 10:37:36 DEBUG Bullet:29 - Shot
 12-11-2018 10:37:36 DEBUG Bullet:29 - Shot
 12-11-2018 10:37:36 DEBUG Bullet:29 - Shot
 12-11-2018 10:37:36 DEBUG Bullet:29 - Shot
 12-11-2018 10:37:36 DEBUG Bullet:29 - Shot
 12-11-2018 10:42:03 DEBUG Bullet:29 - Shot
 12-11-2018 10:42:03 DEBUG Bullet:29 - Shot
 12-11-2018 10:42:03 DEBUG Bullet:29 - Shot
 12-11-2018 10:42:03 DEBUG Bullet:29 - Shot
 12-11-2018 10:42:03 DEBUG Bullet:29 - Shot
 12-11-2018 10:42:03 DEBUG Bullet:29 - Shot
 12-11-2018 10:42:03 DEBUG Player:101 - Incriased score
 12-11-2018 10:42:03 DEBUG Bullet:29 - Shot
 12-11-2018 10:42:04 DEBUG Bullet:29 - Shot
 12-11-2018 10:42:04 DEBUG Bullet:29 - Shot
 12-11-2018 10:42:04 DEBUG Bullet:29 - Shot
 12-11-2018 10:42:04 DEBUG Bullet:29 - Shot
 12-11-2018 10:42:04 DEBUG Bullet:29 - Shot
 12-11-2018 10:42:04 DEBUG Bullet:29 - Shot
 12-11-2018 10:42:04 DEBUG Bullet:29 - Shot
 12-11-2018 10:42:04 DEBUG Bullet:29 - Shot
 12-11-2018 10:42:04 DEBUG Bullet:29 - Shot
 12-11-2018 10:42:04 DEBUG Bullet:29 - Shot
 12-11-2018 10:42:05 DEBUG Bullet:29 - Shot
 12-11-2018 10:42:05 DEBUG Bullet:29 - Shot
 12-11-2018 10:42:05 DEBUG Bullet:29 - Shot
 12-11-2018 10:42:05 DEBUG Bullet:29 - Shot
 12-11-2018 10:42:05 DEBUG Bullet:29 - Shot
 12-11-2018 10:42:05 DEBUG Bullet:29 - Shot
 12-11-2018 10:42:05 DEBUG Bullet:29 - Shot
 12-11-2018 10:42:05 DEBUG Bullet:29 - Shot
 12-11-2018 10:42:05 DEBUG Bullet:29 - Shot
 12-11-2018 10:42:06 DEBUG Bullet:29 - Shot
 12-11-2018 10:42:06 DEBUG Bullet:29 - Shot
 12-11-2018 10:42:06 DEBUG Bullet:29 - Shot
 12-11-2018 10:42:06 DEBUG Bullet:29 - Shot
 12-11-2018 10:42:06 DEBUG Bullet:29 - Shot
 12-11-2018 10:42:06 DEBUG Bullet:29 - Shot
 12-11-2018 10:42:06 DEBUG Bullet:29 - Shot
 12-11-2018 10:42:06 DEBUG Bullet:29 - Shot
 12-11-2018 10:42:06 DEBUG Bullet:29 - Shot
 12-11-2018 10:42:07 DEBUG Bullet:29 - Shot
 12-11-2018 10:42:07 DEBUG Bullet:29 - Shot
 12-11-2018 10:42:07 DEBUG Bullet:29 - Shot
 12-11-2018 10:42:07 DEBUG Bullet:29 - Shot
 12-11-2018 10:42:07 DEBUG Bullet:29 - Shot
 12-11-2018 10:42:07 DEBUG Bullet:29 - Shot
 12-11-2018 10:42:07 DEBUG Bullet:29 - Shot
 12-11-2018 10:42:07 DEBUG Bullet:29 - Shot
 12-11-2018 10:42:07 DEBUG Bullet:29 - Shot
 12-11-2018 10:42:07 DEBUG Bullet:29 - Shot
 12-11-2018 10:42:08 DEBUG Bullet:29 - Shot
 12-11-2018 10:42:08 DEBUG Bullet:29 - Shot
 12-11-2018 10:42:08 DEBUG Bullet:29 - Shot
 12-11-2018 10:42:08 DEBUG Bullet:29 - Shot
 12-11-2018 10:42:08 DEBUG Bullet:29 - Shot
 12-11-2018 10:42:08 DEBUG Bullet:29 - Shot
 12-11-2018 10:42:08 DEBUG Bullet:29 - Shot
 12-11-2018 10:42:08 DEBUG Bullet:29 - Shot
 12-11-2018 10:42:08 DEBUG Bullet:29 - Shot
 12-11-2018 10:42:09 DEBUG Bullet:29 - Shot
 12-11-2018 10:42:09 DEBUG Bullet:29 - Shot
 12-11-2018 10:42:09 DEBUG Bullet:29 - Shot
 12-11-2018 10:42:09 DEBUG Bullet:29 - Shot
 12-11-2018 10:42:09 DEBUG Player:101 - Incriased score
 12-11-2018 10:42:09 DEBUG Bullet:29 - Shot
 12-11-2018 10:42:09 DEBUG Bullet:29 - Shot
 12-11-2018 10:42:09 DEBUG Bullet:29 - Shot
 12-11-2018 10:50:34 DEBUG Bullet:29 - Shot
 12-11-2018 10:50:34 DEBUG GameEntity:85 - src/assets/img/bullet_player.png contact: src/assets/img/forceshield.png
 12-11-2018 10:50:34 DEBUG GameEntity:85 - src/assets/img/bullet_player.png contact: src/assets/img/forceshield.png
 12-11-2018 10:50:34 DEBUG GameEntity:85 - src/assets/img/bullet_player.png contact: src/assets/img/forceshield.png
 12-11-2018 10:50:34 DEBUG Bullet:29 - Shot
 12-11-2018 10:50:34 DEBUG GameEntity:85 - src/assets/img/bullet_player.png contact: src/assets/img/forceshield.png
 12-11-2018 10:50:34 DEBUG GameEntity:85 - src/assets/img/bullet_player.png contact: src/assets/img/forceshield.png
 12-11-2018 10:50:34 DEBUG GameEntity:85 - src/assets/img/bullet_player.png contact: src/assets/img/forceshield.png
 12-11-2018 10:50:34 DEBUG Bullet:29 - Shot
 12-11-2018 10:50:34 DEBUG GameEntity:85 - src/assets/img/bullet_player.png contact: src/assets/img/forceshield.png
 12-11-2018 10:50:34 DEBUG GameEntity:85 - src/assets/img/bullet_player.png contact: src/assets/img/forceshield.png
 12-11-2018 10:50:34 DEBUG GameEntity:85 - src/assets/img/bullet_player.png contact: src/assets/img/forceshield.png
 12-11-2018 10:50:34 DEBUG Bullet:29 - Shot
 12-11-2018 10:50:34 DEBUG GameEntity:85 - src/assets/img/bullet_player.png contact: src/assets/img/forceshield.png
 12-11-2018 10:50:34 DEBUG GameEntity:85 - src/assets/img/bullet_player.png contact: src/assets/img/forceshield.png
 12-11-2018 10:50:34 DEBUG GameEntity:85 - src/assets/img/bullet_player.png contact: src/assets/img/forceshield.png
 12-11-2018 10:50:35 DEBUG Bullet:29 - Shot
 12-11-2018 10:50:35 DEBUG GameEntity:85 - src/assets/img/bullet_player.png contact: src/assets/img/forceshield.png
 12-11-2018 10:50:35 DEBUG GameEntity:85 - src/assets/img/bullet_player.png contact: src/assets/img/forceshield.png
 12-11-2018 10:50:35 DEBUG GameEntity:85 - src/assets/img/bullet_player.png contact: src/assets/img/forceshield.png
 12-11-2018 10:50:35 DEBUG GameEvolver:89 - GameEvent Callback: Enemy Crazy bastard
 12-11-2018 10:50:35 DEBUG Bullet:29 - Shot
 12-11-2018 10:50:35 DEBUG GameEntity:85 - src/assets/img/bullet_player.png contact: src/assets/img/forceshield.png
 12-11-2018 10:50:35 DEBUG GameEntity:85 - src/assets/img/bullet_player.png contact: src/assets/img/forceshield.png
 12-11-2018 10:50:35 DEBUG GameEntity:85 - src/assets/img/bullet_player.png contact: src/assets/img/forceshield.png
 12-11-2018 10:50:35 DEBUG Bullet:29 - Shot
 12-11-2018 10:50:35 DEBUG GameEntity:85 - src/assets/img/bullet_player.png contact: src/assets/img/forceshield.png
 12-11-2018 10:50:35 DEBUG GameEntity:85 - src/assets/img/bullet_player.png contact: src/assets/img/forceshield.png
 12-11-2018 10:50:35 DEBUG GameEntity:85 - src/assets/img/bullet_player.png contact: src/assets/img/forceshield.png
 12-11-2018 10:50:35 DEBUG Bullet:29 - Shot
 12-11-2018 10:50:35 DEBUG GameEntity:85 - src/assets/img/bullet_player.png contact: src/assets/img/forceshield.png
 12-11-2018 10:50:35 DEBUG GameEntity:85 - src/assets/img/bullet_player.png contact: src/assets/img/forceshield.png
 12-11-2018 10:50:35 DEBUG GameEntity:85 - src/assets/img/bullet_player.png contact: src/assets/img/forceshield.png
 12-11-2018 10:50:35 DEBUG Bullet:29 - Shot
 12-11-2018 10:50:35 DEBUG GameEntity:85 - src/assets/img/bullet_player.png contact: src/assets/img/forceshield.png
 12-11-2018 10:50:35 DEBUG GameEntity:85 - src/assets/img/bullet_player.png contact: src/assets/img/forceshield.png
 12-11-2018 10:50:35 DEBUG GameEntity:85 - src/assets/img/bullet_player.png contact: src/assets/img/forceshield.png
 12-11-2018 10:50:35 DEBUG Bullet:29 - Shot
 12-11-2018 10:50:35 DEBUG GameEntity:85 - src/assets/img/bullet_player.png contact: src/assets/img/forceshield.png
 12-11-2018 10:50:35 DEBUG GameEntity:85 - src/assets/img/bullet_player.png contact: src/assets/img/forceshield.png
 12-11-2018 10:50:35 DEBUG GameEntity:85 - src/assets/img/bullet_player.png contact: src/assets/img/forceshield.png
 12-11-2018 10:50:35 DEBUG Player:101 - Incriased score
 12-11-2018 10:50:35 DEBUG GameEntity:85 - src/assets/img/bullet_player.png contact: src/assets/img/asteroid.png
 12-11-2018 10:50:35 DEBUG Bullet:29 - Shot
 12-11-2018 10:50:35 DEBUG GameEntity:85 - src/assets/img/bullet_player.png contact: src/assets/img/forceshield.png
 12-11-2018 10:50:35 DEBUG GameEntity:85 - src/assets/img/bullet_player.png contact: src/assets/img/forceshield.png
 12-11-2018 10:50:35 DEBUG GameEntity:85 - src/assets/img/bullet_player.png contact: src/assets/img/forceshield.png
 12-11-2018 10:50:35 DEBUG Bullet:29 - Shot
 12-11-2018 10:50:35 DEBUG GameEntity:85 - src/assets/img/bullet_player.png contact: src/assets/img/forceshield.png
 12-11-2018 10:50:35 DEBUG GameEntity:85 - src/assets/img/bullet_player.png contact: src/assets/img/forceshield.png
 12-11-2018 10:50:35 DEBUG GameEntity:85 - src/assets/img/bullet_player.png contact: src/assets/img/forceshield.png
 12-11-2018 10:50:35 DEBUG Bullet:29 - Shot
 12-11-2018 10:50:35 DEBUG GameEntity:85 - src/assets/img/bullet_player.png contact: src/assets/img/forceshield.png
 12-11-2018 10:50:35 DEBUG Player:101 - Incriased score
 12-11-2018 10:50:35 DEBUG GameEntity:85 - src/assets/img/bullet_player.png contact: empty entity
 12-11-2018 10:50:35 DEBUG GameEntity:85 - src/assets/img/bullet_player.png contact: src/assets/img/forceshield.png
 12-11-2018 10:50:35 DEBUG GameEntity:85 - src/assets/img/bullet_player.png contact: src/assets/img/forceshield.png
 12-11-2018 10:50:36 DEBUG Bullet:29 - Shot
 12-11-2018 10:50:36 DEBUG GameEntity:85 - src/assets/img/bullet_player.png contact: src/assets/img/forceshield.png
 12-11-2018 10:50:36 DEBUG GameEntity:85 - src/assets/img/bullet_player.png contact: src/assets/img/forceshield.png
 12-11-2018 10:50:36 DEBUG GameEntity:85 - src/assets/img/bullet_player.png contact: src/assets/img/forceshield.png
 12-11-2018 10:50:36 DEBUG Player:101 - Incriased score
 12-11-2018 10:50:36 DEBUG GameEntity:85 - src/assets/img/bullet_player.png contact: empty entity
 12-11-2018 10:50:36 DEBUG Bullet:29 - Shot
 12-11-2018 10:50:36 DEBUG GameEntity:85 - src/assets/img/bullet_player.png contact: src/assets/img/forceshield.png
 12-11-2018 10:50:36 DEBUG GameEntity:85 - src/assets/img/bullet_player.png contact: src/assets/img/forceshield.png
 12-11-2018 10:50:36 DEBUG GameEntity:85 - src/assets/img/bullet_player.png contact: src/assets/img/forceshield.png
 12-11-2018 10:50:36 DEBUG Bullet:29 - Shot
 12-11-2018 10:50:36 DEBUG GameEntity:85 - src/assets/img/bullet_player.png contact: src/assets/img/forceshield.png
 12-11-2018 10:50:36 DEBUG GameEntity:85 - src/assets/img/bullet_player.png contact: src/assets/img/forceshield.png
 12-11-2018 10:50:36 DEBUG GameEntity:85 - src/assets/img/bullet_player.png contact: src/assets/img/forceshield.png
 12-11-2018 10:50:36 DEBUG Bullet:29 - Shot
 12-11-2018 10:50:36 DEBUG GameEntity:85 - src/assets/img/bullet_player.png contact: src/assets/img/forceshield.png
 12-11-2018 10:50:36 DEBUG GameEntity:85 - src/assets/img/bullet_player.png contact: src/assets/img/forceshield.png
 12-11-2018 10:50:36 DEBUG GameEntity:85 - src/assets/img/bullet_player.png contact: src/assets/img/forceshield.png
 12-11-2018 10:50:36 DEBUG Bullet:29 - Shot
 12-11-2018 10:50:36 DEBUG GameEntity:85 - src/assets/img/bullet_player.png contact: src/assets/img/forceshield.png
 12-11-2018 10:50:36 DEBUG GameEntity:85 - src/assets/img/bullet_player.png contact: src/assets/img/forceshield.png
 12-11-2018 10:50:36 DEBUG GameEntity:85 - src/assets/img/bullet_player.png contact: src/assets/img/forceshield.png
 12-11-2018 10:50:36 DEBUG Bullet:29 - Shot
 12-11-2018 10:50:36 DEBUG GameEntity:85 - src/assets/img/bullet_player.png contact: src/assets/img/forceshield.png
 12-11-2018 10:50:36 DEBUG GameEntity:85 - src/assets/img/bullet_player.png contact: src/assets/img/forceshield.png
 12-11-2018 10:50:36 DEBUG GameEntity:85 - src/assets/img/bullet_player.png contact: src/assets/img/forceshield.png
 12-11-2018 10:50:36 DEBUG Bullet:29 - Shot
 12-11-2018 10:50:36 DEBUG GameEntity:85 - src/assets/img/bullet_player.png contact: src/assets/img/forceshield.png
 12-11-2018 10:50:36 DEBUG GameEntity:85 - src/assets/img/bullet_player.png contact: src/assets/img/forceshield.png
 12-11-2018 10:50:36 DEBUG GameEntity:85 - src/assets/img/bullet_player.png contact: src/assets/img/forceshield.png
 12-11-2018 10:50:36 DEBUG Bullet:29 - Shot
 12-11-2018 10:50:36 DEBUG GameEntity:85 - src/assets/img/bullet_player.png contact: src/assets/img/forceshield.png
 12-11-2018 10:50:36 DEBUG GameEntity:85 - src/assets/img/bullet_player.png contact: src/assets/img/forceshield.png
 12-11-2018 10:50:36 DEBUG GameEntity:85 - src/assets/img/bullet_player.png contact: src/assets/img/forceshield.png
 12-11-2018 10:50:36 DEBUG Bullet:29 - Shot
 12-11-2018 10:50:36 DEBUG GameEntity:85 - src/assets/img/bullet_player.png contact: src/assets/img/forceshield.png
 12-11-2018 10:50:36 DEBUG GameEntity:85 - src/assets/img/bullet_player.png contact: src/assets/img/forceshield.png
 12-11-2018 10:50:36 DEBUG GameEntity:85 - src/assets/img/bullet_player.png contact: src/assets/img/forceshield.png
 12-11-2018 10:50:37 DEBUG Bullet:29 - Shot
 12-11-2018 10:50:37 DEBUG GameEntity:85 - src/assets/img/bullet_player.png contact: src/assets/img/forceshield.png
 12-11-2018 10:50:37 DEBUG GameEntity:85 - src/assets/img/bullet_player.png contact: src/assets/img/forceshield.png
 12-11-2018 10:50:37 DEBUG GameEntity:85 - src/assets/img/bullet_player.png contact: src/assets/img/forceshield.png
 12-11-2018 10:50:37 DEBUG Bullet:29 - Shot
 12-11-2018 10:50:37 DEBUG GameEntity:85 - src/assets/img/bullet_player.png contact: src/assets/img/forceshield.png
 12-11-2018 10:50:37 DEBUG GameEntity:85 - src/assets/img/bullet_player.png contact: src/assets/img/forceshield.png
 12-11-2018 10:50:37 DEBUG GameEntity:85 - src/assets/img/bullet_player.png contact: src/assets/img/forceshield.png
 12-11-2018 10:50:37 DEBUG Bullet:29 - Shot
 12-11-2018 10:50:37 DEBUG GameEntity:85 - src/assets/img/bullet_player.png contact: src/assets/img/forceshield.png
 12-11-2018 10:50:37 DEBUG GameEntity:85 - src/assets/img/bullet_player.png contact: src/assets/img/forceshield.png
 12-11-2018 10:50:37 DEBUG GameEntity:85 - src/assets/img/bullet_player.png contact: src/assets/img/forceshield.png
 12-11-2018 10:50:37 DEBUG Bullet:29 - Shot
 12-11-2018 10:50:37 DEBUG GameEntity:85 - src/assets/img/bullet_player.png contact: src/assets/img/forceshield.png
 12-11-2018 10:50:37 DEBUG GameEntity:85 - src/assets/img/bullet_player.png contact: src/assets/img/forceshield.png
 12-11-2018 10:50:37 DEBUG GameEntity:85 - src/assets/img/bullet_player.png contact: src/assets/img/forceshield.png
 12-11-2018 10:50:37 DEBUG Bullet:29 - Shot
 12-11-2018 10:50:37 DEBUG GameEntity:85 - src/assets/img/bullet_player.png contact: src/assets/img/forceshield.png
 12-11-2018 10:50:37 DEBUG GameEntity:85 - src/assets/img/bullet_player.png contact: src/assets/img/forceshield.png
 12-11-2018 10:50:37 DEBUG GameEntity:85 - src/assets/img/bullet_player.png contact: src/assets/img/forceshield.png
 12-11-2018 10:50:37 DEBUG Bullet:29 - Shot
 12-11-2018 10:50:37 DEBUG GameEntity:85 - src/assets/img/bullet_player.png contact: src/assets/img/forceshield.png
 12-11-2018 10:50:37 DEBUG GameEntity:85 - src/assets/img/bullet_player.png contact: src/assets/img/forceshield.png
 12-11-2018 10:50:37 DEBUG GameEntity:85 - src/assets/img/bullet_player.png contact: src/assets/img/forceshield.png
 12-11-2018 10:50:37 DEBUG Bullet:29 - Shot
 12-11-2018 10:50:37 DEBUG GameEntity:85 - src/assets/img/bullet_player.png contact: src/assets/img/forceshield.png
 12-11-2018 10:50:37 DEBUG GameEntity:85 - src/assets/img/bullet_player.png contact: src/assets/img/forceshield.png
 12-11-2018 10:50:37 DEBUG GameEntity:85 - src/assets/img/bullet_player.png contact: src/assets/img/forceshield.png
 12-11-2018 10:50:37 DEBUG Bullet:29 - Shot
 12-11-2018 10:50:37 DEBUG GameEntity:85 - src/assets/img/bullet_player.png contact: src/assets/img/forceshield.png
 12-11-2018 10:50:37 DEBUG GameEntity:85 - src/assets/img/bullet_player.png contact: src/assets/img/forceshield.png
 12-11-2018 10:50:37 DEBUG GameEntity:85 - src/assets/img/bullet_player.png contact: src/assets/img/forceshield.png
 12-11-2018 10:50:37 DEBUG GameEvolver:89 - GameEvent Callback: Enemy down
 12-11-2018 10:50:37 DEBUG Bullet:29 - Shot
 12-11-2018 10:50:37 DEBUG GameEntity:85 - src/assets/img/bullet_player.png contact: src/assets/img/forceshield.png
 12-11-2018 10:50:37 DEBUG GameEntity:85 - src/assets/img/bullet_player.png contact: src/assets/img/forceshield.png
 12-11-2018 10:50:37 DEBUG GameEntity:85 - src/assets/img/bullet_player.png contact: src/assets/img/forceshield.png
 12-11-2018 10:50:37 DEBUG Bullet:29 - Shot
 12-11-2018 10:50:37 DEBUG GameEntity:85 - src/assets/img/bullet_player.png contact: src/assets/img/forceshield.png
 12-11-2018 10:50:37 DEBUG GameEntity:85 - src/assets/img/bullet_player.png contact: src/assets/img/forceshield.png
 12-11-2018 10:50:38 DEBUG GameEntity:85 - src/assets/img/bullet_player.png contact: src/assets/img/forceshield.png
 12-11-2018 10:50:38 DEBUG Bullet:29 - Shot
 12-11-2018 10:50:38 DEBUG GameEntity:85 - src/assets/img/bullet_player.png contact: src/assets/img/forceshield.png
 12-11-2018 10:50:38 DEBUG GameEntity:85 - src/assets/img/bullet_player.png contact: src/assets/img/forceshield.png
 12-11-2018 10:50:38 DEBUG GameEntity:85 - src/assets/img/bullet_player.png contact: src/assets/img/forceshield.png
 12-11-2018 10:50:38 DEBUG Bullet:29 - Shot
 12-11-2018 10:50:38 DEBUG GameEntity:85 - src/assets/img/bullet_player.png contact: src/assets/img/forceshield.png
 12-11-2018 10:50:38 DEBUG GameEntity:85 - src/assets/img/bullet_player.png contact: src/assets/img/forceshield.png
 12-11-2018 10:50:38 DEBUG GameEntity:85 - src/assets/img/bullet_player.png contact: src/assets/img/forceshield.png
 12-11-2018 10:50:38 DEBUG Bullet:29 - Shot
 12-11-2018 10:50:38 DEBUG GameEntity:85 - src/assets/img/bullet_player.png contact: src/assets/img/forceshield.png
 12-11-2018 10:50:38 DEBUG GameEntity:85 - src/assets/img/bullet_player.png contact: empty entity
 12-11-2018 10:50:38 DEBUG Player:101 - Incriased score
 12-11-2018 10:50:38 DEBUG GameEntity:85 - src/assets/img/bullet_player.png contact: src/assets/img/forceshield.png
 12-11-2018 10:50:38 DEBUG GameEntity:85 - src/assets/img/bullet_player.png contact: src/assets/img/forceshield.png
 12-11-2018 10:50:38 DEBUG Bullet:29 - Shot
 12-11-2018 10:50:38 DEBUG GameEntity:85 - src/assets/img/bullet_player.png contact: src/assets/img/forceshield.png
 12-11-2018 10:50:38 DEBUG GameEntity:85 - src/assets/img/bullet_player.png contact: src/assets/img/forceshield.png
 12-11-2018 10:50:38 DEBUG GameEntity:85 - src/assets/img/bullet_player.png contact: src/assets/img/forceshield.png
 12-11-2018 10:50:38 DEBUG Bullet:29 - Shot
 12-11-2018 10:50:38 DEBUG GameEntity:85 - src/assets/img/bullet_player.png contact: src/assets/img/forceshield.png
 12-11-2018 10:50:38 DEBUG GameEntity:85 - src/assets/img/bullet_player.png contact: src/assets/img/forceshield.png
 12-11-2018 10:50:38 DEBUG GameEntity:85 - src/assets/img/bullet_player.png contact: src/assets/img/forceshield.png
 12-11-2018 10:50:38 DEBUG Bullet:29 - Shot
 12-11-2018 10:50:38 DEBUG GameEntity:85 - src/assets/img/bullet_player.png contact: src/assets/img/forceshield.png
 12-11-2018 10:50:38 DEBUG GameEntity:85 - src/assets/img/bullet_player.png contact: src/assets/img/forceshield.png
 12-11-2018 10:50:38 DEBUG GameEntity:85 - src/assets/img/bullet_player.png contact: src/assets/img/forceshield.png
 12-11-2018 10:50:38 DEBUG Bullet:29 - Shot
 12-11-2018 10:50:38 DEBUG GameEntity:85 - src/assets/img/bullet_player.png contact: src/assets/img/forceshield.png
 12-11-2018 10:50:38 DEBUG GameEvolver:89 - GameEvent Callback: Enemy down
 12-11-2018 10:50:38 DEBUG GameEntity:85 - src/assets/img/bullet_player.png contact: src/assets/img/forceshield.png
 12-11-2018 10:50:38 DEBUG GameEntity:85 - src/assets/img/bullet_player.png contact: src/assets/img/forceshield.png
 12-11-2018 10:50:38 DEBUG Bullet:29 - Shot
 12-11-2018 10:50:38 DEBUG GameEntity:85 - src/assets/img/bullet_player.png contact: src/assets/img/forceshield.png
 12-11-2018 10:50:38 DEBUG GameEntity:85 - src/assets/img/bullet_player.png contact: src/assets/img/forceshield.png
 12-11-2018 10:50:38 DEBUG GameEntity:85 - src/assets/img/bullet_player.png contact: src/assets/img/forceshield.png
 12-11-2018 10:50:38 DEBUG Bullet:29 - Shot
 12-11-2018 10:50:38 DEBUG GameEntity:85 - src/assets/img/bullet_player.png contact: src/assets/img/forceshield.png
 12-11-2018 10:50:38 DEBUG GameEntity:85 - src/assets/img/bullet_player.png contact: src/assets/img/forceshield.png
 12-11-2018 10:50:38 DEBUG GameEntity:85 - src/assets/img/bullet_player.png contact: src/assets/img/forceshield.png
 12-11-2018 10:50:39 DEBUG Bullet:29 - Shot
 12-11-2018 10:50:39 DEBUG GameEntity:85 - src/assets/img/bullet_player.png contact: src/assets/img/forceshield.png
 12-11-2018 10:50:39 DEBUG GameEntity:85 - src/assets/img/bullet_player.png contact: src/assets/img/forceshield.png
 12-11-2018 10:50:39 DEBUG GameEntity:85 - src/assets/img/bullet_player.png contact: src/assets/img/forceshield.png
 12-11-2018 10:50:39 DEBUG Bullet:29 - Shot
 12-11-2018 10:50:39 DEBUG GameEntity:85 - src/assets/img/bullet_player.png contact: src/assets/img/forceshield.png
 12-11-2018 10:50:39 DEBUG GameEntity:85 - src/assets/img/bullet_player.png contact: src/assets/img/forceshield.png
 12-11-2018 10:50:39 DEBUG GameEntity:85 - src/assets/img/bullet_player.png contact: src/assets/img/forceshield.png
 12-11-2018 10:50:39 DEBUG Bullet:29 - Shot
 12-11-2018 10:50:39 DEBUG GameEntity:85 - src/assets/img/bullet_player.png contact: src/assets/img/forceshield.png
 12-11-2018 10:50:39 DEBUG GameEntity:85 - src/assets/img/bullet_player.png contact: src/assets/img/forceshield.png
 12-11-2018 10:50:39 DEBUG GameEntity:85 - src/assets/img/bullet_player.png contact: src/assets/img/forceshield.png
 12-11-2018 10:50:39 DEBUG Bullet:29 - Shot
 12-11-2018 10:50:39 DEBUG GameEntity:85 - src/assets/img/bullet_player.png contact: src/assets/img/forceshield.png
 12-11-2018 10:50:39 DEBUG GameEntity:85 - src/assets/img/bullet_player.png contact: src/assets/img/forceshield.png
 12-11-2018 10:50:39 DEBUG GameEntity:85 - src/assets/img/bullet_player.png contact: src/assets/img/forceshield.png
 12-11-2018 10:50:39 DEBUG Bullet:29 - Shot
 12-11-2018 10:50:39 DEBUG GameEntity:85 - src/assets/img/bullet_player.png contact: src/assets/img/forceshield.png
 12-11-2018 10:50:39 DEBUG GameEntity:85 - src/assets/img/bullet_player.png contact: src/assets/img/forceshield.png
 12-11-2018 10:50:39 DEBUG GameEntity:85 - src/assets/img/bullet_player.png contact: src/assets/img/forceshield.png
 12-11-2018 10:50:39 DEBUG Bullet:29 - Shot
 12-11-2018 10:50:39 DEBUG GameEntity:85 - src/assets/img/bullet_player.png contact: src/assets/img/forceshield.png
 12-11-2018 10:50:39 DEBUG GameEntity:85 - src/assets/img/bullet_player.png contact: src/assets/img/forceshield.png
 12-11-2018 10:50:39 DEBUG GameEntity:85 - src/assets/img/bullet_player.png contact: src/assets/img/forceshield.png
 12-11-2018 10:50:39 DEBUG GameEvolver:89 - GameEvent Callback: Enemy down
 12-11-2018 10:50:39 DEBUG Bullet:29 - Shot
 12-11-2018 10:50:39 DEBUG GameEntity:85 - src/assets/img/bullet_player.png contact: src/assets/img/forceshield.png
 12-11-2018 10:50:39 DEBUG GameEntity:85 - src/assets/img/bullet_player.png contact: src/assets/img/forceshield.png
 12-11-2018 10:50:39 DEBUG GameEntity:85 - src/assets/img/bullet_player.png contact: src/assets/img/forceshield.png
 12-11-2018 10:50:39 DEBUG Bullet:29 - Shot
 12-11-2018 10:50:39 DEBUG GameEntity:85 - src/assets/img/bullet_player.png contact: src/assets/img/forceshield.png
 12-11-2018 10:50:39 DEBUG GameEntity:85 - src/assets/img/bullet_player.png contact: src/assets/img/forceshield.png
 12-11-2018 10:50:39 DEBUG GameEntity:85 - src/assets/img/bullet_player.png contact: src/assets/img/forceshield.png
 12-11-2018 10:50:39 DEBUG Bullet:29 - Shot
 12-11-2018 10:50:39 DEBUG GameEntity:85 - src/assets/img/bullet_player.png contact: src/assets/img/forceshield.png
 12-11-2018 10:50:39 DEBUG GameEntity:85 - src/assets/img/bullet_player.png contact: src/assets/img/forceshield.png
 12-11-2018 10:50:39 DEBUG GameEntity:85 - src/assets/img/bullet_player.png contact: src/assets/img/forceshield.png
 12-11-2018 10:50:39 DEBUG Bullet:29 - Shot
 12-11-2018 10:50:40 DEBUG GameEntity:85 - src/assets/img/bullet_player.png contact: src/assets/img/forceshield.png
 12-11-2018 10:50:40 DEBUG GameEntity:85 - src/assets/img/bullet_player.png contact: src/assets/img/forceshield.png
 12-11-2018 10:50:40 DEBUG GameEntity:85 - src/assets/img/bullet_player.png contact: src/assets/img/forceshield.png
 12-11-2018 10:50:40 DEBUG Bullet:29 - Shot
 12-11-2018 10:50:40 DEBUG GameEntity:85 - src/assets/img/bullet_player.png contact: src/assets/img/forceshield.png
 12-11-2018 10:50:40 DEBUG GameEntity:85 - src/assets/img/bullet_player.png contact: src/assets/img/forceshield.png
 12-11-2018 10:50:40 DEBUG GameEntity:85 - src/assets/img/bullet_player.png contact: src/assets/img/forceshield.png
 12-11-2018 10:50:40 DEBUG Bullet:29 - Shot
 12-11-2018 10:50:40 DEBUG GameEntity:85 - src/assets/img/bullet_player.png contact: src/assets/img/forceshield.png
 12-11-2018 10:50:40 DEBUG GameEntity:85 - src/assets/img/bullet_player.png contact: src/assets/img/forceshield.png
 12-11-2018 10:50:40 DEBUG GameEntity:85 - src/assets/img/bullet_player.png contact: src/assets/img/forceshield.png
 12-11-2018 10:50:40 DEBUG Bullet:29 - Shot
 12-11-2018 10:50:40 DEBUG GameEntity:85 - src/assets/img/bullet_player.png contact: src/assets/img/forceshield.png
 12-11-2018 10:50:40 DEBUG GameEntity:85 - src/assets/img/bullet_player.png contact: src/assets/img/forceshield.png
 12-11-2018 10:50:40 DEBUG GameEntity:85 - src/assets/img/bullet_player.png contact: src/assets/img/forceshield.png
 12-11-2018 10:50:40 DEBUG Bullet:29 - Shot
 12-11-2018 10:50:40 DEBUG GameEntity:85 - src/assets/img/bullet_player.png contact: src/assets/img/forceshield.png
 12-11-2018 10:50:40 DEBUG GameEntity:85 - src/assets/img/bullet_player.png contact: src/assets/img/forceshield.png
 12-11-2018 10:50:40 DEBUG GameEntity:85 - src/assets/img/bullet_player.png contact: src/assets/img/forceshield.png
 12-11-2018 10:50:40 DEBUG Bullet:29 - Shot
 12-11-2018 10:50:40 DEBUG GameEntity:85 - src/assets/img/bullet_player.png contact: src/assets/img/forceshield.png
 12-11-2018 10:50:40 DEBUG GameEntity:85 - src/assets/img/bullet_player.png contact: src/assets/img/forceshield.png
 12-11-2018 10:50:40 DEBUG GameEntity:85 - src/assets/img/bullet_player.png contact: src/assets/img/forceshield.png
 12-11-2018 10:50:40 DEBUG Bullet:29 - Shot
 12-11-2018 10:50:40 DEBUG GameEntity:85 - src/assets/img/bullet_player.png contact: src/assets/img/forceshield.png
 12-11-2018 10:50:40 DEBUG GameEntity:85 - src/assets/img/bullet_player.png contact: src/assets/img/forceshield.png
 12-11-2018 10:50:40 DEBUG GameEntity:85 - src/assets/img/bullet_player.png contact: src/assets/img/forceshield.png
 12-11-2018 10:50:40 DEBUG Bullet:29 - Shot
 12-11-2018 10:50:40 DEBUG GameEntity:85 - src/assets/img/bullet_player.png contact: src/assets/img/forceshield.png
 12-11-2018 10:50:40 DEBUG GameEntity:85 - src/assets/img/bullet_player.png contact: src/assets/img/forceshield.png
 12-11-2018 10:50:40 DEBUG GameEntity:85 - src/assets/img/bullet_player.png contact: src/assets/img/forceshield.png
 12-11-2018 10:50:40 DEBUG Bullet:29 - Shot
 12-11-2018 10:50:40 DEBUG GameEntity:85 - src/assets/img/bullet_player.png contact: src/assets/img/forceshield.png
 12-11-2018 10:50:40 DEBUG GameEntity:85 - src/assets/img/bullet_player.png contact: src/assets/img/forceshield.png
 12-11-2018 10:50:40 DEBUG GameEntity:85 - src/assets/img/bullet_player.png contact: src/assets/img/forceshield.png
 12-11-2018 10:50:40 DEBUG Bullet:29 - Shot
 12-11-2018 10:50:40 DEBUG GameEntity:85 - src/assets/img/bullet_player.png contact: src/assets/img/forceshield.png
 12-11-2018 10:50:40 DEBUG GameEntity:85 - src/assets/img/bullet_player.png contact: src/assets/img/forceshield.png
 12-11-2018 10:50:40 DEBUG GameEntity:85 - src/assets/img/bullet_player.png contact: src/assets/img/forceshield.png
 12-11-2018 10:50:41 DEBUG Bullet:29 - Shot
 12-11-2018 10:50:41 DEBUG GameEntity:85 - src/assets/img/bullet_player.png contact: src/assets/img/forceshield.png
 12-11-2018 10:50:41 DEBUG GameEntity:85 - src/assets/img/bullet_player.png contact: src/assets/img/forceshield.png
 12-11-2018 10:50:41 DEBUG GameEntity:85 - src/assets/img/bullet_player.png contact: src/assets/img/forceshield.png
 12-11-2018 10:50:41 DEBUG Bullet:29 - Shot
 12-11-2018 10:50:41 DEBUG GameEntity:85 - src/assets/img/bullet_player.png contact: src/assets/img/forceshield.png
 12-11-2018 10:50:41 DEBUG GameEntity:85 - src/assets/img/bullet_player.png contact: src/assets/img/forceshield.png
 12-11-2018 10:50:41 DEBUG GameEntity:85 - src/assets/img/bullet_player.png contact: src/assets/img/forceshield.png
 12-11-2018 10:50:41 DEBUG Bullet:29 - Shot
 12-11-2018 10:50:41 DEBUG GameEntity:85 - src/assets/img/bullet_player.png contact: src/assets/img/forceshield.png
 12-11-2018 10:50:41 DEBUG GameEntity:85 - src/assets/img/bullet_player.png contact: src/assets/img/forceshield.png
 12-11-2018 10:50:41 DEBUG GameEntity:85 - src/assets/img/bullet_player.png contact: src/assets/img/forceshield.png
 12-11-2018 10:50:41 DEBUG Bullet:29 - Shot
 12-11-2018 10:50:41 DEBUG GameEntity:85 - src/assets/img/bullet_player.png contact: src/assets/img/forceshield.png
 12-11-2018 10:50:41 DEBUG GameEvolver:89 - GameEvent Callback: Enemy Crazy bastard
 12-11-2018 10:50:41 DEBUG GameEvolver:89 - GameEvent Callback: Enemy down
 12-11-2018 10:50:41 DEBUG GameEntity:85 - src/assets/img/bullet_player.png contact: src/assets/img/forceshield.png
 12-11-2018 10:50:41 DEBUG GameEntity:85 - src/assets/img/bullet_player.png contact: empty entity
 12-11-2018 10:50:41 DEBUG Player:101 - Incriased score
 12-11-2018 10:50:41 DEBUG GameEntity:85 - src/assets/img/bullet_player.png contact: src/assets/img/forceshield.png
 12-11-2018 10:50:41 DEBUG Bullet:29 - Shot
 12-11-2018 10:50:41 DEBUG GameEntity:85 - src/assets/img/bullet_player.png contact: src/assets/img/forceshield.png
 12-11-2018 10:50:41 DEBUG GameEntity:85 - src/assets/img/bullet_player.png contact: src/assets/img/forceshield.png
 12-11-2018 10:50:41 DEBUG GameEntity:85 - src/assets/img/bullet_player.png contact: src/assets/img/forceshield.png
 12-11-2018 10:50:41 DEBUG Bullet:29 - Shot
 12-11-2018 10:50:41 DEBUG GameEntity:85 - src/assets/img/bullet_player.png contact: src/assets/img/forceshield.png
 12-11-2018 10:50:41 DEBUG GameEntity:85 - src/assets/img/bullet_player.png contact: src/assets/img/forceshield.png
 12-11-2018 10:50:41 DEBUG GameEntity:85 - src/assets/img/bullet_player.png contact: src/assets/img/forceshield.png
 12-11-2018 10:50:41 DEBUG Bullet:29 - Shot
 12-11-2018 10:50:41 DEBUG GameEntity:85 - src/assets/img/bullet_player.png contact: src/assets/img/forceshield.png
 12-11-2018 10:50:41 DEBUG GameEntity:85 - src/assets/img/bullet_player.png contact: src/assets/img/forceshield.png
 12-11-2018 10:50:41 DEBUG GameEntity:85 - src/assets/img/bullet_player.png contact: src/assets/img/forceshield.png
 12-11-2018 10:50:41 DEBUG Bullet:29 - Shot
 12-11-2018 10:50:41 DEBUG GameEntity:85 - src/assets/img/bullet_player.png contact: src/assets/img/forceshield.png
 12-11-2018 10:50:41 DEBUG GameEntity:85 - src/assets/img/bullet_player.png contact: src/assets/img/forceshield.png
 12-11-2018 10:50:41 DEBUG GameEntity:85 - src/assets/img/bullet_player.png contact: src/assets/img/forceshield.png
 12-11-2018 10:50:41 DEBUG Bullet:29 - Shot
 12-11-2018 10:50:41 DEBUG GameEntity:85 - src/assets/img/bullet_player.png contact: src/assets/img/forceshield.png
 12-11-2018 10:50:41 DEBUG GameEntity:85 - src/assets/img/bullet_player.png contact: src/assets/img/forceshield.png
 12-11-2018 10:50:41 DEBUG GameEntity:85 - src/assets/img/bullet_player.png contact: src/assets/img/forceshield.png
 12-11-2018 10:50:42 DEBUG Bullet:29 - Shot
 12-11-2018 10:50:42 DEBUG GameEntity:85 - src/assets/img/bullet_player.png contact: src/assets/img/forceshield.png
 12-11-2018 10:50:42 DEBUG GameEntity:85 - src/assets/img/bullet_player.png contact: src/assets/img/forceshield.png
 12-11-2018 10:50:42 DEBUG GameEntity:85 - src/assets/img/bullet_player.png contact: src/assets/img/forceshield.png
 12-11-2018 10:50:42 DEBUG Bullet:29 - Shot
 12-11-2018 10:50:42 DEBUG GameEntity:85 - src/assets/img/bullet_player.png contact: src/assets/img/forceshield.png
 12-11-2018 10:50:42 DEBUG GameEntity:85 - src/assets/img/bullet_player.png contact: src/assets/img/forceshield.png
 12-11-2018 10:50:42 DEBUG GameEntity:85 - src/assets/img/bullet_player.png contact: src/assets/img/forceshield.png
 12-11-2018 10:50:42 DEBUG Bullet:29 - Shot
 12-11-2018 10:50:42 DEBUG GameEntity:85 - src/assets/img/bullet_player.png contact: src/assets/img/forceshield.png
 12-11-2018 10:50:42 DEBUG GameEntity:85 - src/assets/img/bullet_player.png contact: src/assets/img/forceshield.png
 12-11-2018 10:50:42 DEBUG GameEntity:85 - src/assets/img/bullet_player.png contact: src/assets/img/forceshield.png
 12-11-2018 10:50:42 DEBUG Bullet:29 - Shot
 12-11-2018 10:50:42 DEBUG GameEntity:85 - src/assets/img/bullet_player.png contact: src/assets/img/forceshield.png
 12-11-2018 10:50:42 DEBUG GameEntity:85 - src/assets/img/bullet_player.png contact: src/assets/img/forceshield.png
 12-11-2018 10:50:42 DEBUG Bullet:29 - Shot
 12-11-2018 10:50:42 DEBUG GameEntity:85 - src/assets/img/bullet_player.png contact: src/assets/img/forceshield.png
 12-11-2018 10:50:42 DEBUG GameEntity:85 - src/assets/img/bullet_player.png contact: src/assets/img/forceshield.png
 12-11-2018 10:50:42 DEBUG Bullet:29 - Shot
 12-11-2018 10:50:42 DEBUG GameEntity:85 - src/assets/img/bullet_player.png contact: src/assets/img/forceshield.png
 12-11-2018 10:50:42 DEBUG Player:101 - Incriased score
 12-11-2018 10:50:42 DEBUG GameEntity:85 - src/assets/img/bullet_player.png contact: empty entity
 12-11-2018 10:50:42 DEBUG GameEntity:85 - src/assets/img/bullet_player.png contact: src/assets/img/forceshield.png
 12-11-2018 10:50:42 DEBUG Bullet:29 - Shot
 12-11-2018 10:50:42 DEBUG GameEntity:85 - src/assets/img/bullet_player.png contact: src/assets/img/forceshield.png
 12-11-2018 10:50:42 DEBUG GameEntity:85 - src/assets/img/bullet_player.png contact: src/assets/img/forceshield.png
 12-11-2018 10:50:42 DEBUG GameEntity:85 - src/assets/img/bullet_player.png contact: src/assets/img/forceshield.png
 12-11-2018 10:50:42 DEBUG Bullet:29 - Shot
 12-11-2018 10:50:42 DEBUG GameEntity:85 - src/assets/img/bullet_player.png contact: src/assets/img/forceshield.png
 12-11-2018 10:50:42 DEBUG GameEntity:85 - src/assets/img/bullet_player.png contact: src/assets/img/forceshield.png
 12-11-2018 10:50:42 DEBUG GameEntity:85 - src/assets/img/bullet_player.png contact: src/assets/img/forceshield.png
 12-11-2018 10:50:42 DEBUG Player:101 - Incriased score
 12-11-2018 10:50:42 DEBUG GameEntity:85 - src/assets/img/bullet_player.png contact: empty entity
 12-11-2018 10:50:42 DEBUG Bullet:29 - Shot
 12-11-2018 10:50:42 DEBUG GameEntity:85 - src/assets/img/bullet_player.png contact: src/assets/img/forceshield.png
 12-11-2018 10:50:42 DEBUG GameEntity:85 - src/assets/img/bullet_player.png contact: src/assets/img/forceshield.png
 12-11-2018 10:50:42 DEBUG GameEntity:85 - src/assets/img/bullet_player.png contact: src/assets/img/forceshield.png
 12-11-2018 10:50:42 DEBUG Bullet:29 - Shot
 12-11-2018 10:50:42 DEBUG GameEntity:85 - src/assets/img/bullet_player.png contact: src/assets/img/forceshield.png
 12-11-2018 10:50:42 DEBUG GameEntity:85 - src/assets/img/bullet_player.png contact: src/assets/img/forceshield.png
 12-11-2018 10:50:43 DEBUG GameEntity:85 - src/assets/img/bullet_player.png contact: src/assets/img/forceshield.png
 12-11-2018 10:50:43 DEBUG Bullet:29 - Shot
 12-11-2018 10:50:43 DEBUG GameEntity:85 - src/assets/img/bullet_player.png contact: src/assets/img/forceshield.png
 12-11-2018 10:50:43 DEBUG GameEntity:85 - src/assets/img/bullet_player.png contact: src/assets/img/forceshield.png
 12-11-2018 10:50:43 DEBUG Bullet:29 - Shot
 12-11-2018 10:50:43 DEBUG GameEntity:85 - src/assets/img/bullet_player.png contact: src/assets/img/forceshield.png
 12-11-2018 10:50:43 DEBUG GameEntity:85 - src/assets/img/bullet_player.png contact: src/assets/img/forceshield.png
 12-11-2018 10:50:43 DEBUG Bullet:29 - Shot
 12-11-2018 10:50:43 DEBUG GameEntity:85 - src/assets/img/bullet_player.png contact: src/assets/img/forceshield.png
 12-11-2018 10:50:43 DEBUG GameEntity:85 - src/assets/img/bullet_player.png contact: src/assets/img/forceshield.png
 12-11-2018 10:50:43 DEBUG Bullet:29 - Shot
 12-11-2018 10:50:43 DEBUG GameEntity:85 - src/assets/img/bullet_player.png contact: src/assets/img/forceshield.png
 12-11-2018 10:50:43 DEBUG GameEntity:85 - src/assets/img/bullet_player.png contact: src/assets/img/forceshield.png
 12-11-2018 10:50:43 DEBUG Bullet:29 - Shot
 12-11-2018 10:50:43 DEBUG GameEntity:85 - src/assets/img/bullet_player.png contact: src/assets/img/forceshield.png
 12-11-2018 10:50:43 DEBUG GameEntity:85 - src/assets/img/bullet_player.png contact: src/assets/img/forceshield.png
 12-11-2018 10:50:43 DEBUG Bullet:29 - Shot
 12-11-2018 10:50:43 DEBUG GameEntity:85 - src/assets/img/bullet_player.png contact: src/assets/img/forceshield.png
 12-11-2018 10:50:43 DEBUG GameEntity:85 - src/assets/img/bullet_player.png contact: src/assets/img/forceshield.png
 12-11-2018 10:50:43 DEBUG Bullet:29 - Shot
 12-11-2018 10:50:43 DEBUG GameEntity:85 - src/assets/img/bullet_player.png contact: src/assets/img/forceshield.png
 12-11-2018 10:50:43 DEBUG GameEntity:85 - src/assets/img/bullet_player.png contact: src/assets/img/forceshield.png
 12-11-2018 10:50:43 DEBUG GameEntity:85 - src/assets/img/bullet_player.png contact: src/assets/img/forceshield.png
 12-11-2018 10:50:43 DEBUG Bullet:29 - Shot
 12-11-2018 10:50:43 DEBUG GameEntity:85 - src/assets/img/bullet_player.png contact: src/assets/img/forceshield.png
 12-11-2018 10:50:43 DEBUG GameEntity:85 - src/assets/img/bullet_player.png contact: src/assets/img/forceshield.png
 12-11-2018 10:50:43 DEBUG GameEntity:85 - src/assets/img/bullet_player.png contact: src/assets/img/forceshield.png
 12-11-2018 10:50:43 DEBUG Player:101 - Incriased score
 12-11-2018 10:50:43 DEBUG GameEntity:85 - src/assets/img/bullet_player.png contact: empty entity
 12-11-2018 10:50:43 DEBUG Bullet:29 - Shot
 12-11-2018 10:50:43 DEBUG GameEntity:85 - src/assets/img/bullet_player.png contact: src/assets/img/forceshield.png
 12-11-2018 10:50:43 DEBUG GameEntity:85 - src/assets/img/bullet_player.png contact: src/assets/img/forceshield.png
 12-11-2018 10:50:43 DEBUG GameEntity:85 - src/assets/img/bullet_player.png contact: src/assets/img/forceshield.png
 12-11-2018 10:50:44 DEBUG Bullet:29 - Shot
 12-11-2018 10:50:44 DEBUG GameEntity:85 - src/assets/img/bullet_player.png contact: src/assets/img/forceshield.png
 12-11-2018 10:50:44 DEBUG GameEntity:85 - src/assets/img/bullet_player.png contact: src/assets/img/forceshield.png
 12-11-2018 10:50:44 DEBUG GameEntity:85 - src/assets/img/bullet_player.png contact: src/assets/img/forceshield.png
 12-11-2018 10:50:44 DEBUG Bullet:29 - Shot
 12-11-2018 10:50:44 DEBUG GameEntity:85 - src/assets/img/bullet_player.png contact: src/assets/img/forceshield.png
 12-11-2018 10:50:44 DEBUG GameEntity:85 - src/assets/img/bullet_player.png contact: src/assets/img/forceshield.png
 12-11-2018 10:50:44 DEBUG GameEntity:85 - src/assets/img/bullet_player.png contact: src/assets/img/forceshield.png
 12-11-2018 10:50:44 DEBUG Bullet:29 - Shot
 12-11-2018 10:50:44 DEBUG GameEntity:85 - src/assets/img/bullet_player.png contact: src/assets/img/forceshield.png
 12-11-2018 10:50:44 DEBUG GameEntity:85 - src/assets/img/bullet_player.png contact: src/assets/img/forceshield.png
 12-11-2018 10:50:44 DEBUG GameEntity:85 - src/assets/img/bullet_player.png contact: src/assets/img/forceshield.png
 12-11-2018 10:50:44 DEBUG Bullet:29 - Shot
 12-11-2018 10:50:44 DEBUG GameEntity:85 - src/assets/img/bullet_player.png contact: src/assets/img/forceshield.png
 12-11-2018 10:50:44 DEBUG GameEntity:85 - src/assets/img/bullet_player.png contact: src/assets/img/forceshield.png
 12-11-2018 10:50:44 DEBUG GameEntity:85 - src/assets/img/bullet_player.png contact: src/assets/img/forceshield.png
 12-11-2018 10:50:44 DEBUG Bullet:29 - Shot
 12-11-2018 10:50:44 DEBUG GameEntity:85 - src/assets/img/bullet_player.png contact: src/assets/img/forceshield.png
 12-11-2018 10:50:44 DEBUG GameEntity:85 - src/assets/img/bullet_player.png contact: src/assets/img/forceshield.png
 12-11-2018 10:50:44 DEBUG GameEntity:85 - src/assets/img/bullet_player.png contact: src/assets/img/forceshield.png
 12-11-2018 10:50:44 DEBUG Bullet:29 - Shot
 12-11-2018 10:50:44 DEBUG GameEntity:85 - src/assets/img/bullet_player.png contact: src/assets/img/forceshield.png
 12-11-2018 10:50:44 DEBUG GameEntity:85 - src/assets/img/bullet_player.png contact: src/assets/img/forceshield.png
 12-11-2018 10:50:44 DEBUG GameEntity:85 - src/assets/img/bullet_player.png contact: src/assets/img/forceshield.png
 12-11-2018 10:50:44 DEBUG Bullet:29 - Shot
 12-11-2018 10:50:44 DEBUG GameEntity:85 - src/assets/img/bullet_player.png contact: src/assets/img/forceshield.png
 12-11-2018 10:50:44 DEBUG GameEntity:85 - src/assets/img/bullet_player.png contact: src/assets/img/forceshield.png
 12-11-2018 10:50:44 DEBUG GameEntity:85 - src/assets/img/bullet_player.png contact: src/assets/img/forceshield.png
 12-11-2018 10:50:44 DEBUG Bullet:29 - Shot
 12-11-2018 10:50:44 DEBUG GameEntity:85 - src/assets/img/bullet_player.png contact: src/assets/img/forceshield.png
 12-11-2018 10:50:44 DEBUG GameEntity:85 - src/assets/img/bullet_player.png contact: src/assets/img/forceshield.png
 12-11-2018 10:50:44 DEBUG GameEntity:85 - src/assets/img/bullet_player.png contact: src/assets/img/forceshield.png
 12-11-2018 10:50:44 DEBUG Bullet:29 - Shot
 12-11-2018 10:50:44 DEBUG GameEntity:85 - src/assets/img/bullet_player.png contact: src/assets/img/forceshield.png
 12-11-2018 10:50:44 DEBUG GameEntity:85 - src/assets/img/bullet_player.png contact: src/assets/img/forceshield.png
 12-11-2018 10:50:44 DEBUG GameEntity:85 - src/assets/img/bullet_player.png contact: src/assets/img/forceshield.png
 12-11-2018 10:50:44 DEBUG Bullet:29 - Shot
 12-11-2018 10:50:44 DEBUG GameEntity:85 - src/assets/img/bullet_player.png contact: src/assets/img/forceshield.png
 12-11-2018 10:50:44 DEBUG GameEntity:85 - src/assets/img/bullet_player.png contact: src/assets/img/forceshield.png
 12-11-2018 10:50:44 DEBUG GameEntity:85 - src/assets/img/bullet_player.png contact: src/assets/img/forceshield.png
 12-11-2018 10:50:45 DEBUG Bullet:29 - Shot
 12-11-2018 10:50:45 DEBUG GameEntity:85 - src/assets/img/bullet_player.png contact: src/assets/img/forceshield.png
 12-11-2018 10:50:45 DEBUG GameEntity:85 - src/assets/img/bullet_player.png contact: src/assets/img/forceshield.png
 12-11-2018 10:50:45 DEBUG GameEntity:85 - src/assets/img/bullet_player.png contact: src/assets/img/forceshield.png
 12-11-2018 10:50:45 DEBUG Bullet:29 - Shot
 12-11-2018 10:50:45 DEBUG GameEntity:85 - src/assets/img/bullet_player.png contact: src/assets/img/forceshield.png
 12-11-2018 10:50:45 DEBUG GameEntity:85 - src/assets/img/bullet_player.png contact: src/assets/img/forceshield.png
 12-11-2018 10:50:45 DEBUG GameEntity:85 - src/assets/img/bullet_player.png contact: src/assets/img/forceshield.png
 12-11-2018 10:50:45 DEBUG GameEvolver:89 - GameEvent Callback: Enemy Crazy bastard
 12-11-2018 10:50:45 DEBUG Bullet:29 - Shot
 12-11-2018 10:50:45 DEBUG GameEntity:85 - src/assets/img/bullet_player.png contact: src/assets/img/forceshield.png
 12-11-2018 10:50:45 DEBUG GameEntity:85 - src/assets/img/bullet_player.png contact: src/assets/img/forceshield.png
 12-11-2018 10:50:45 DEBUG GameEntity:85 - src/assets/img/bullet_player.png contact: src/assets/img/forceshield.png
 12-11-2018 10:50:45 DEBUG Bullet:29 - Shot
 12-11-2018 10:50:45 DEBUG GameEntity:85 - src/assets/img/bullet_player.png contact: src/assets/img/forceshield.png
 12-11-2018 10:50:45 DEBUG GameEntity:85 - src/assets/img/bullet_player.png contact: src/assets/img/forceshield.png
 12-11-2018 10:50:45 DEBUG GameEntity:85 - src/assets/img/bullet_player.png contact: src/assets/img/forceshield.png
 12-11-2018 10:50:45 DEBUG Bullet:29 - Shot
 12-11-2018 10:50:45 DEBUG GameEntity:85 - src/assets/img/bullet_player.png contact: src/assets/img/forceshield.png
 12-11-2018 10:50:45 DEBUG GameEntity:85 - src/assets/img/bullet_player.png contact: src/assets/img/forceshield.png
 12-11-2018 10:50:45 DEBUG GameEntity:85 - src/assets/img/bullet_player.png contact: src/assets/img/forceshield.png
 12-11-2018 10:50:45 DEBUG Bullet:29 - Shot
 12-11-2018 10:50:45 DEBUG GameEntity:85 - src/assets/img/bullet_player.png contact: src/assets/img/forceshield.png
 12-11-2018 10:50:45 DEBUG GameEntity:85 - src/assets/img/bullet_player.png contact: src/assets/img/forceshield.png
 12-11-2018 10:50:45 DEBUG GameEntity:85 - src/assets/img/bullet_player.png contact: src/assets/img/forceshield.png
 12-11-2018 10:50:45 DEBUG Bullet:29 - Shot
 12-11-2018 10:50:45 DEBUG GameEntity:85 - src/assets/img/bullet_player.png contact: src/assets/img/forceshield.png
 12-11-2018 10:50:45 DEBUG GameEntity:85 - src/assets/img/bullet_player.png contact: src/assets/img/forceshield.png
 12-11-2018 10:50:45 DEBUG GameEntity:85 - src/assets/img/bullet_player.png contact: src/assets/img/forceshield.png
 12-11-2018 10:50:45 DEBUG Bullet:29 - Shot
 12-11-2018 10:50:45 DEBUG GameEntity:85 - src/assets/img/bullet_player.png contact: src/assets/img/forceshield.png
 12-11-2018 10:50:45 DEBUG GameEntity:85 - src/assets/img/bullet_player.png contact: src/assets/img/forceshield.png
 12-11-2018 10:50:45 DEBUG GameEntity:85 - src/assets/img/bullet_player.png contact: src/assets/img/forceshield.png
 12-11-2018 10:50:45 DEBUG Bullet:29 - Shot
 12-11-2018 10:50:45 DEBUG GameEntity:85 - src/assets/img/bullet_player.png contact: src/assets/img/forceshield.png
 12-11-2018 10:50:45 DEBUG GameEntity:85 - src/assets/img/bullet_player.png contact: src/assets/img/forceshield.png
 12-11-2018 10:50:45 DEBUG GameEntity:85 - src/assets/img/bullet_player.png contact: src/assets/img/forceshield.png
 12-11-2018 10:50:45 DEBUG GameEvolver:89 - GameEvent Callback: Enemy Crazy bastard
 12-11-2018 10:50:46 DEBUG Bullet:29 - Shot
 12-11-2018 10:50:46 DEBUG GameEntity:85 - src/assets/img/bullet_player.png contact: src/assets/img/forceshield.png
 12-11-2018 10:50:46 DEBUG GameEntity:85 - src/assets/img/bullet_player.png contact: src/assets/img/forceshield.png
 12-11-2018 10:50:46 DEBUG GameEntity:85 - src/assets/img/bullet_player.png contact: src/assets/img/forceshield.png
 12-11-2018 10:50:46 DEBUG Bullet:29 - Shot
 12-11-2018 10:50:46 DEBUG GameEntity:85 - src/assets/img/bullet_player.png contact: src/assets/img/forceshield.png
 12-11-2018 10:50:46 DEBUG GameEntity:85 - src/assets/img/bullet_player.png contact: src/assets/img/forceshield.png
 12-11-2018 10:50:46 DEBUG GameEntity:85 - src/assets/img/bullet_player.png contact: src/assets/img/forceshield.png
 12-11-2018 10:50:46 DEBUG Bullet:29 - Shot
 12-11-2018 10:50:46 DEBUG GameEntity:85 - src/assets/img/bullet_player.png contact: src/assets/img/forceshield.png
 12-11-2018 10:50:46 DEBUG GameEntity:85 - src/assets/img/bullet_player.png contact: src/assets/img/forceshield.png
 12-11-2018 10:50:46 DEBUG GameEntity:85 - src/assets/img/bullet_player.png contact: src/assets/img/forceshield.png
 12-11-2018 10:50:46 DEBUG Bullet:29 - Shot
 12-11-2018 10:50:46 DEBUG GameEntity:85 - src/assets/img/bullet_player.png contact: src/assets/img/forceshield.png
 12-11-2018 10:50:46 DEBUG GameEntity:85 - src/assets/img/bullet_player.png contact: src/assets/img/forceshield.png
 12-11-2018 10:50:46 DEBUG GameEntity:85 - src/assets/img/bullet_player.png contact: src/assets/img/forceshield.png
 12-11-2018 10:50:46 DEBUG Bullet:29 - Shot
 12-11-2018 10:50:46 DEBUG GameEntity:85 - src/assets/img/bullet_player.png contact: src/assets/img/forceshield.png
 12-11-2018 10:50:46 DEBUG GameEntity:85 - src/assets/img/bullet_player.png contact: src/assets/img/forceshield.png
 12-11-2018 10:50:46 DEBUG GameEntity:85 - src/assets/img/bullet_player.png contact: src/assets/img/forceshield.png
 12-11-2018 10:50:46 DEBUG GameEvolver:89 - GameEvent Callback: Enemy Crazy bastard
 12-11-2018 10:50:46 DEBUG Bullet:29 - Shot
 12-11-2018 10:50:46 DEBUG GameEntity:85 - src/assets/img/bullet_player.png contact: src/assets/img/forceshield.png
 12-11-2018 10:50:46 DEBUG GameEntity:85 - src/assets/img/bullet_player.png contact: src/assets/img/forceshield.png
 12-11-2018 10:50:46 DEBUG GameEntity:85 - src/assets/img/bullet_player.png contact: src/assets/img/forceshield.png
 12-11-2018 10:50:46 DEBUG Bullet:29 - Shot
 12-11-2018 10:50:46 DEBUG GameEntity:85 - src/assets/img/bullet_player.png contact: src/assets/img/forceshield.png
 12-11-2018 10:50:46 DEBUG GameEvolver:89 - GameEvent Callback: Recursive script
 12-11-2018 10:50:46 DEBUG GameEntity:85 - src/assets/img/bullet_player.png contact: src/assets/img/forceshield.png
 12-11-2018 10:50:46 DEBUG GameEntity:85 - src/assets/img/bullet_player.png contact: src/assets/img/forceshield.png
 12-11-2018 10:50:46 DEBUG Bullet:29 - Shot
 12-11-2018 10:50:46 DEBUG GameEntity:85 - src/assets/img/bullet_player.png contact: src/assets/img/forceshield.png
 12-11-2018 10:50:46 DEBUG GameEntity:85 - src/assets/img/bullet_player.png contact: src/assets/img/forceshield.png
 12-11-2018 10:50:46 DEBUG GameEntity:85 - src/assets/img/bullet_player.png contact: src/assets/img/forceshield.png
 12-11-2018 10:50:46 DEBUG Bullet:29 - Shot
 12-11-2018 10:50:46 DEBUG GameEntity:85 - src/assets/img/bullet_player.png contact: src/assets/img/forceshield.png
 12-11-2018 10:50:46 DEBUG GameEntity:85 - src/assets/img/bullet_player.png contact: src/assets/img/forceshield.png
 12-11-2018 10:50:46 DEBUG GameEntity:85 - src/assets/img/bullet_player.png contact: src/assets/img/forceshield.png
 12-11-2018 10:50:46 DEBUG Bullet:29 - Shot
 12-11-2018 10:50:46 DEBUG GameEntity:85 - src/assets/img/bullet_player.png contact: src/assets/img/forceshield.png
 12-11-2018 10:50:46 DEBUG GameEntity:85 - src/assets/img/bullet_player.png contact: src/assets/img/forceshield.png
 12-11-2018 10:50:46 DEBUG GameEntity:85 - src/assets/img/bullet_player.png contact: src/assets/img/forceshield.png
 12-11-2018 10:50:47 DEBUG Bullet:29 - Shot
 12-11-2018 10:50:47 DEBUG GameEntity:85 - src/assets/img/bullet_player.png contact: src/assets/img/forceshield.png
 12-11-2018 10:50:47 DEBUG GameEntity:85 - src/assets/img/bullet_player.png contact: src/assets/img/forceshield.png
 12-11-2018 10:50:47 DEBUG GameEntity:85 - src/assets/img/bullet_player.png contact: src/assets/img/forceshield.png
 12-11-2018 10:50:47 DEBUG Bullet:29 - Shot
 12-11-2018 10:50:47 DEBUG GameEntity:85 - src/assets/img/bullet_player.png contact: src/assets/img/forceshield.png
 12-11-2018 10:50:47 DEBUG GameEntity:85 - src/assets/img/bullet_player.png contact: src/assets/img/forceshield.png
 12-11-2018 10:50:47 DEBUG GameEntity:85 - src/assets/img/bullet_player.png contact: src/assets/img/forceshield.png
 12-11-2018 10:50:47 DEBUG Bullet:29 - Shot
 12-11-2018 10:50:47 DEBUG GameEntity:85 - src/assets/img/bullet_player.png contact: src/assets/img/forceshield.png
 12-11-2018 10:50:47 DEBUG GameEntity:85 - src/assets/img/bullet_player.png contact: src/assets/img/forceshield.png
 12-11-2018 10:50:47 DEBUG GameEntity:85 - src/assets/img/bullet_player.png contact: src/assets/img/forceshield.png
 12-11-2018 10:50:47 DEBUG Bullet:29 - Shot
 12-11-2018 10:50:47 DEBUG GameEntity:85 - src/assets/img/bullet_player.png contact: src/assets/img/forceshield.png
 12-11-2018 10:50:47 DEBUG GameEntity:85 - src/assets/img/bullet_player.png contact: src/assets/img/forceshield.png
 12-11-2018 10:50:47 DEBUG GameEntity:85 - src/assets/img/bullet_player.png contact: src/assets/img/forceshield.png
 12-11-2018 10:50:47 DEBUG Player:101 - Incriased score
 12-11-2018 10:50:47 DEBUG GameEntity:85 - src/assets/img/bullet_player.png contact: empty entity
 12-11-2018 10:50:47 DEBUG Bullet:29 - Shot
 12-11-2018 10:50:47 DEBUG GameEntity:85 - src/assets/img/bullet_player.png contact: src/assets/img/forceshield.png
 12-11-2018 10:50:47 DEBUG GameEntity:85 - src/assets/img/bullet_player.png contact: src/assets/img/forceshield.png
 12-11-2018 10:50:47 DEBUG GameEntity:85 - src/assets/img/bullet_player.png contact: src/assets/img/forceshield.png
 12-11-2018 10:50:47 DEBUG GameEvolver:89 - GameEvent Callback: Enemy Crazy bastard
 12-11-2018 10:50:47 DEBUG Bullet:29 - Shot
 12-11-2018 10:50:47 DEBUG GameEntity:85 - src/assets/img/bullet_player.png contact: src/assets/img/forceshield.png
 12-11-2018 10:50:47 DEBUG GameEntity:85 - src/assets/img/bullet_player.png contact: src/assets/img/forceshield.png
 12-11-2018 10:50:47 DEBUG GameEntity:85 - src/assets/img/bullet_player.png contact: src/assets/img/forceshield.png
 12-11-2018 10:50:47 DEBUG Bullet:29 - Shot
 12-11-2018 10:50:47 DEBUG GameEntity:85 - src/assets/img/bullet_player.png contact: src/assets/img/forceshield.png
 12-11-2018 10:50:47 DEBUG GameEntity:85 - src/assets/img/bullet_player.png contact: src/assets/img/forceshield.png
 12-11-2018 10:50:47 DEBUG GameEntity:85 - src/assets/img/bullet_player.png contact: src/assets/img/forceshield.png
 12-11-2018 10:50:47 DEBUG Bullet:29 - Shot
 12-11-2018 10:50:47 DEBUG GameEntity:85 - src/assets/img/bullet_player.png contact: src/assets/img/forceshield.png
 12-11-2018 10:50:47 DEBUG GameEntity:85 - src/assets/img/bullet_player.png contact: src/assets/img/forceshield.png
 12-11-2018 10:50:47 DEBUG GameEntity:85 - src/assets/img/bullet_player.png contact: src/assets/img/forceshield.png
 12-11-2018 10:50:47 DEBUG Bullet:29 - Shot
 12-11-2018 10:50:47 DEBUG GameEntity:85 - src/assets/img/bullet_player.png contact: src/assets/img/forceshield.png
 12-11-2018 10:50:47 DEBUG GameEntity:85 - src/assets/img/bullet_player.png contact: src/assets/img/forceshield.png
 12-11-2018 10:50:47 DEBUG GameEntity:85 - src/assets/img/bullet_player.png contact: src/assets/img/forceshield.png
 12-11-2018 10:50:47 DEBUG Bullet:29 - Shot
 12-11-2018 10:50:47 DEBUG GameEntity:85 - src/assets/img/bullet_player.png contact: src/assets/img/forceshield.png
 12-11-2018 10:50:48 DEBUG GameEntity:85 - src/assets/img/bullet_player.png contact: src/assets/img/forceshield.png
 12-11-2018 10:50:48 DEBUG GameEntity:85 - src/assets/img/bullet_player.png contact: src/assets/img/forceshield.png
 12-11-2018 10:50:48 DEBUG Bullet:29 - Shot
 12-11-2018 10:50:48 DEBUG GameEntity:85 - src/assets/img/bullet_player.png contact: src/assets/img/forceshield.png
 12-11-2018 10:50:48 DEBUG GameEntity:85 - src/assets/img/bullet_player.png contact: src/assets/img/forceshield.png
 12-11-2018 10:50:48 DEBUG GameEntity:85 - src/assets/img/bullet_player.png contact: src/assets/img/forceshield.png
 12-11-2018 10:50:48 DEBUG Bullet:29 - Shot
 12-11-2018 10:50:48 DEBUG GameEntity:85 - src/assets/img/bullet_player.png contact: src/assets/img/forceshield.png
 12-11-2018 10:50:48 DEBUG GameEntity:85 - src/assets/img/bullet_player.png contact: src/assets/img/forceshield.png
 12-11-2018 10:50:48 DEBUG GameEntity:85 - src/assets/img/bullet_player.png contact: src/assets/img/forceshield.png
 12-11-2018 10:50:48 DEBUG Bullet:29 - Shot
 12-11-2018 10:50:48 DEBUG GameEntity:85 - src/assets/img/bullet_player.png contact: src/assets/img/forceshield.png
 12-11-2018 10:50:48 DEBUG GameEntity:85 - src/assets/img/bullet_player.png contact: src/assets/img/forceshield.png
 12-11-2018 10:50:48 DEBUG GameEntity:85 - src/assets/img/bullet_player.png contact: src/assets/img/forceshield.png
 12-11-2018 10:50:48 DEBUG Bullet:29 - Shot
 12-11-2018 10:50:48 DEBUG GameEntity:85 - src/assets/img/bullet_player.png contact: src/assets/img/forceshield.png
 12-11-2018 10:50:48 DEBUG GameEntity:85 - src/assets/img/bullet_player.png contact: src/assets/img/forceshield.png
 12-11-2018 10:50:48 DEBUG GameEntity:85 - src/assets/img/bullet_player.png contact: src/assets/img/forceshield.png
 12-11-2018 10:50:48 DEBUG Bullet:29 - Shot
 12-11-2018 10:50:48 DEBUG GameEntity:85 - src/assets/img/bullet_player.png contact: src/assets/img/forceshield.png
 12-11-2018 10:50:48 DEBUG GameEntity:85 - src/assets/img/bullet_player.png contact: src/assets/img/forceshield.png
 12-11-2018 10:50:48 DEBUG Player:101 - Incriased score
 12-11-2018 10:50:48 DEBUG GameEntity:85 - src/assets/img/bullet_player.png contact: empty entity
 12-11-2018 10:50:48 DEBUG GameEntity:85 - src/assets/img/bullet_player.png contact: src/assets/img/forceshield.png
 12-11-2018 10:50:48 DEBUG Player:101 - Incriased score
 12-11-2018 10:50:48 DEBUG GameEntity:85 - src/assets/img/bullet_player.png contact: empty entity
 12-11-2018 10:50:48 DEBUG Bullet:29 - Shot
 12-11-2018 10:50:48 DEBUG GameEntity:85 - src/assets/img/bullet_player.png contact: src/assets/img/forceshield.png
 12-11-2018 10:50:48 DEBUG GameEntity:85 - src/assets/img/bullet_player.png contact: src/assets/img/forceshield.png
 12-11-2018 10:50:48 DEBUG GameEntity:85 - src/assets/img/bullet_player.png contact: src/assets/img/forceshield.png
 12-11-2018 10:50:48 DEBUG Bullet:29 - Shot
 12-11-2018 10:50:48 DEBUG GameEntity:85 - src/assets/img/bullet_player.png contact: src/assets/img/forceshield.png
 12-11-2018 10:50:48 DEBUG GameEntity:85 - src/assets/img/bullet_player.png contact: src/assets/img/forceshield.png
 12-11-2018 10:50:48 DEBUG GameEntity:85 - src/assets/img/bullet_player.png contact: src/assets/img/forceshield.png
 12-11-2018 10:50:48 DEBUG Bullet:29 - Shot
 12-11-2018 10:50:48 DEBUG GameEntity:85 - src/assets/img/bullet_player.png contact: src/assets/img/forceshield.png
 12-11-2018 10:50:48 DEBUG GameEntity:85 - src/assets/img/bullet_player.png contact: src/assets/img/forceshield.png
 12-11-2018 10:50:48 DEBUG GameEntity:85 - src/assets/img/bullet_player.png contact: src/assets/img/forceshield.png
 12-11-2018 10:50:48 DEBUG Bullet:29 - Shot
 12-11-2018 10:50:48 DEBUG GameEntity:85 - src/assets/img/bullet_player.png contact: src/assets/img/forceshield.png
 12-11-2018 10:50:48 DEBUG GameEntity:85 - src/assets/img/bullet_player.png contact: src/assets/img/forceshield.png
 12-11-2018 10:50:48 DEBUG GameEntity:85 - src/assets/img/bullet_player.png contact: src/assets/img/forceshield.png
 12-11-2018 10:50:49 DEBUG Bullet:29 - Shot
 12-11-2018 10:50:49 DEBUG GameEntity:85 - src/assets/img/bullet_player.png contact: src/assets/img/forceshield.png
 12-11-2018 10:50:49 DEBUG GameEntity:85 - src/assets/img/bullet_player.png contact: src/assets/img/forceshield.png
 12-11-2018 10:50:49 DEBUG GameEntity:85 - src/assets/img/bullet_player.png contact: src/assets/img/forceshield.png
 12-11-2018 10:50:49 DEBUG Bullet:29 - Shot
 12-11-2018 10:50:49 DEBUG GameEntity:85 - src/assets/img/bullet_player.png contact: src/assets/img/forceshield.png
 12-11-2018 10:50:49 DEBUG GameEntity:85 - src/assets/img/bullet_player.png contact: src/assets/img/forceshield.png
 12-11-2018 10:50:49 DEBUG GameEntity:85 - src/assets/img/bullet_player.png contact: src/assets/img/forceshield.png
 12-11-2018 10:50:49 DEBUG Bullet:29 - Shot
 12-11-2018 10:50:49 DEBUG GameEntity:85 - src/assets/img/bullet_player.png contact: src/assets/img/forceshield.png
 12-11-2018 10:50:49 DEBUG GameEntity:85 - src/assets/img/bullet_player.png contact: src/assets/img/forceshield.png
 12-11-2018 10:50:49 DEBUG GameEntity:85 - src/assets/img/bullet_player.png contact: src/assets/img/forceshield.png
 12-11-2018 10:50:49 DEBUG Bullet:29 - Shot
 12-11-2018 10:50:49 DEBUG GameEntity:85 - src/assets/img/bullet_player.png contact: src/assets/img/forceshield.png
 12-11-2018 10:50:49 DEBUG GameEntity:85 - src/assets/img/bullet_player.png contact: src/assets/img/forceshield.png
 12-11-2018 10:50:49 DEBUG GameEntity:85 - src/assets/img/bullet_player.png contact: src/assets/img/forceshield.png
 12-11-2018 10:50:49 DEBUG Bullet:29 - Shot
 12-11-2018 10:50:49 DEBUG GameEntity:85 - src/assets/img/bullet_player.png contact: src/assets/img/forceshield.png
 12-11-2018 10:50:49 DEBUG GameEntity:85 - src/assets/img/bullet_player.png contact: src/assets/img/forceshield.png
 12-11-2018 10:50:49 DEBUG GameEntity:85 - src/assets/img/bullet_player.png contact: src/assets/img/forceshield.png
 12-11-2018 10:50:49 DEBUG Bullet:29 - Shot
 12-11-2018 10:50:49 DEBUG GameEntity:85 - src/assets/img/bullet_player.png contact: src/assets/img/forceshield.png
 12-11-2018 10:50:49 DEBUG GameEntity:85 - src/assets/img/bullet_player.png contact: src/assets/img/forceshield.png
 12-11-2018 10:50:49 DEBUG GameEntity:85 - src/assets/img/bullet_player.png contact: src/assets/img/forceshield.png
 12-11-2018 10:50:49 DEBUG Bullet:29 - Shot
 12-11-2018 10:50:49 DEBUG GameEntity:85 - src/assets/img/bullet_player.png contact: src/assets/img/forceshield.png
 12-11-2018 10:50:49 DEBUG GameEntity:85 - src/assets/img/bullet_player.png contact: src/assets/img/forceshield.png
 12-11-2018 10:50:49 DEBUG GameEntity:85 - src/assets/img/bullet_player.png contact: src/assets/img/forceshield.png
 12-11-2018 10:50:49 DEBUG Bullet:29 - Shot
 12-11-2018 10:50:49 DEBUG GameEntity:85 - src/assets/img/bullet_player.png contact: src/assets/img/forceshield.png
 12-11-2018 10:50:49 DEBUG GameEntity:85 - src/assets/img/bullet_player.png contact: src/assets/img/forceshield.png
 12-11-2018 10:50:49 DEBUG GameEntity:85 - src/assets/img/bullet_player.png contact: src/assets/img/forceshield.png
 12-11-2018 10:50:49 DEBUG Bullet:29 - Shot
 12-11-2018 10:50:49 DEBUG GameEntity:85 - src/assets/img/bullet_player.png contact: src/assets/img/forceshield.png
 12-11-2018 10:50:49 DEBUG GameEntity:85 - src/assets/img/bullet_player.png contact: src/assets/img/forceshield.png
 12-11-2018 10:50:49 DEBUG GameEntity:85 - src/assets/img/bullet_player.png contact: src/assets/img/forceshield.png
 12-11-2018 10:50:49 DEBUG Bullet:29 - Shot
 12-11-2018 10:50:49 DEBUG GameEntity:85 - src/assets/img/bullet_player.png contact: src/assets/img/forceshield.png
 12-11-2018 10:50:49 DEBUG GameEntity:85 - src/assets/img/bullet_player.png contact: src/assets/img/forceshield.png
 12-11-2018 10:50:50 DEBUG GameEntity:85 - src/assets/img/bullet_player.png contact: src/assets/img/forceshield.png
 12-11-2018 10:50:50 DEBUG Bullet:29 - Shot
 12-11-2018 10:50:50 DEBUG GameEntity:85 - src/assets/img/bullet_player.png contact: src/assets/img/forceshield.png
 12-11-2018 10:50:50 DEBUG GameEntity:85 - src/assets/img/bullet_player.png contact: src/assets/img/forceshield.png
 12-11-2018 10:50:50 DEBUG GameEntity:85 - src/assets/img/bullet_player.png contact: src/assets/img/forceshield.png
 12-11-2018 10:50:50 DEBUG GameEvolver:89 - GameEvent Callback: Enemy down
 12-11-2018 10:50:50 DEBUG GameEntity:85 - src/assets/img/bullet_player.png contact: empty entity
 12-11-2018 10:50:50 DEBUG Player:101 - Incriased score
 12-11-2018 10:50:50 DEBUG Bullet:29 - Shot
 12-11-2018 10:50:50 DEBUG GameEntity:85 - src/assets/img/bullet_player.png contact: src/assets/img/forceshield.png
 12-11-2018 10:50:50 DEBUG GameEntity:85 - src/assets/img/bullet_player.png contact: src/assets/img/forceshield.png
 12-11-2018 10:50:50 DEBUG GameEntity:85 - src/assets/img/bullet_player.png contact: src/assets/img/forceshield.png
 12-11-2018 10:50:50 DEBUG Bullet:29 - Shot
 12-11-2018 10:50:50 DEBUG GameEntity:85 - src/assets/img/bullet_player.png contact: src/assets/img/forceshield.png
 12-11-2018 10:50:50 DEBUG GameEntity:85 - src/assets/img/bullet_player.png contact: src/assets/img/forceshield.png
 12-11-2018 10:50:50 DEBUG GameEntity:85 - src/assets/img/bullet_player.png contact: src/assets/img/forceshield.png
 12-11-2018 10:50:50 DEBUG Bullet:29 - Shot
 12-11-2018 10:50:50 DEBUG GameEntity:85 - src/assets/img/bullet_player.png contact: src/assets/img/forceshield.png
 12-11-2018 10:50:50 DEBUG GameEntity:85 - src/assets/img/bullet_player.png contact: src/assets/img/forceshield.png
 12-11-2018 10:50:50 DEBUG GameEntity:85 - src/assets/img/bullet_player.png contact: src/assets/img/forceshield.png
 12-11-2018 10:50:50 DEBUG Bullet:29 - Shot
 12-11-2018 10:50:50 DEBUG GameEntity:85 - src/assets/img/bullet_player.png contact: src/assets/img/forceshield.png
 12-11-2018 10:50:50 DEBUG GameEntity:85 - src/assets/img/bullet_player.png contact: src/assets/img/forceshield.png
 12-11-2018 10:50:50 DEBUG GameEntity:85 - src/assets/img/bullet_player.png contact: src/assets/img/forceshield.png
 12-11-2018 10:50:50 DEBUG Bullet:29 - Shot
 12-11-2018 10:50:50 DEBUG GameEntity:85 - src/assets/img/bullet_player.png contact: src/assets/img/forceshield.png
 12-11-2018 10:50:50 DEBUG GameEntity:85 - src/assets/img/bullet_player.png contact: src/assets/img/forceshield.png
 12-11-2018 10:50:50 DEBUG GameEntity:85 - src/assets/img/bullet_player.png contact: src/assets/img/forceshield.png
 12-11-2018 10:50:50 DEBUG Bullet:29 - Shot
 12-11-2018 10:50:50 DEBUG GameEntity:85 - src/assets/img/bullet_player.png contact: src/assets/img/forceshield.png
 12-11-2018 10:50:50 DEBUG GameEntity:85 - src/assets/img/bullet_player.png contact: src/assets/img/forceshield.png
 12-11-2018 10:50:50 DEBUG GameEntity:85 - src/assets/img/bullet_player.png contact: src/assets/img/forceshield.png
 12-11-2018 10:50:50 DEBUG Bullet:29 - Shot
 12-11-2018 10:50:50 DEBUG GameEntity:85 - src/assets/img/bullet_player.png contact: src/assets/img/forceshield.png
 12-11-2018 10:50:50 DEBUG GameEntity:85 - src/assets/img/bullet_player.png contact: src/assets/img/forceshield.png
 12-11-2018 10:50:50 DEBUG GameEntity:85 - src/assets/img/bullet_player.png contact: src/assets/img/forceshield.png
 12-11-2018 10:50:50 DEBUG Bullet:29 - Shot
 12-11-2018 10:50:50 DEBUG GameEntity:85 - src/assets/img/bullet_player.png contact: src/assets/img/forceshield.png
 12-11-2018 10:50:50 DEBUG GameEntity:85 - src/assets/img/bullet_player.png contact: src/assets/img/forceshield.png
 12-11-2018 10:50:50 DEBUG GameEntity:85 - src/assets/img/bullet_player.png contact: src/assets/img/forceshield.png
 12-11-2018 10:50:50 DEBUG GameEvolver:89 - GameEvent Callback: Enemy down
 12-11-2018 10:50:51 DEBUG Bullet:29 - Shot
 12-11-2018 10:50:51 DEBUG GameEntity:85 - src/assets/img/bullet_player.png contact: src/assets/img/forceshield.png
 12-11-2018 10:50:51 DEBUG GameEntity:85 - src/assets/img/bullet_player.png contact: src/assets/img/forceshield.png
 12-11-2018 10:50:51 DEBUG GameEntity:85 - src/assets/img/bullet_player.png contact: src/assets/img/forceshield.png
 12-11-2018 10:50:51 DEBUG Bullet:29 - Shot
 12-11-2018 10:50:51 DEBUG GameEntity:85 - src/assets/img/bullet_player.png contact: src/assets/img/forceshield.png
 12-11-2018 10:50:51 DEBUG GameEntity:85 - src/assets/img/bullet_player.png contact: src/assets/img/forceshield.png
 12-11-2018 10:50:51 DEBUG GameEntity:85 - src/assets/img/bullet_player.png contact: src/assets/img/forceshield.png
 12-11-2018 10:50:51 DEBUG Bullet:29 - Shot
 12-11-2018 10:50:51 DEBUG GameEntity:85 - src/assets/img/bullet_player.png contact: src/assets/img/forceshield.png
 12-11-2018 10:50:51 DEBUG GameEntity:85 - src/assets/img/bullet_player.png contact: src/assets/img/forceshield.png
 12-11-2018 10:50:51 DEBUG GameEntity:85 - src/assets/img/bullet_player.png contact: src/assets/img/forceshield.png
 12-11-2018 10:50:51 DEBUG Bullet:29 - Shot
 12-11-2018 10:50:51 DEBUG GameEntity:85 - src/assets/img/bullet_player.png contact: src/assets/img/forceshield.png
 12-11-2018 10:50:51 DEBUG GameEntity:85 - src/assets/img/bullet_player.png contact: src/assets/img/forceshield.png
 12-11-2018 10:50:51 DEBUG GameEntity:85 - src/assets/img/bullet_player.png contact: src/assets/img/forceshield.png
 12-11-2018 10:50:51 DEBUG Bullet:29 - Shot
 12-11-2018 10:50:51 DEBUG GameEntity:85 - src/assets/img/bullet_player.png contact: src/assets/img/forceshield.png
 12-11-2018 10:50:51 DEBUG GameEntity:85 - src/assets/img/bullet_player.png contact: src/assets/img/forceshield.png
 12-11-2018 10:50:51 DEBUG GameEntity:85 - src/assets/img/bullet_player.png contact: src/assets/img/forceshield.png
 12-11-2018 10:50:51 DEBUG Bullet:29 - Shot
 12-11-2018 10:50:51 DEBUG GameEntity:85 - src/assets/img/bullet_player.png contact: src/assets/img/forceshield.png
 12-11-2018 10:50:51 DEBUG GameEntity:85 - src/assets/img/bullet_player.png contact: src/assets/img/forceshield.png
 12-11-2018 10:50:51 DEBUG GameEntity:85 - src/assets/img/bullet_player.png contact: src/assets/img/forceshield.png
 12-11-2018 10:50:51 DEBUG Bullet:29 - Shot
 12-11-2018 10:50:51 DEBUG GameEntity:85 - src/assets/img/bullet_player.png contact: src/assets/img/forceshield.png
 12-11-2018 10:50:51 DEBUG GameEntity:85 - src/assets/img/bullet_player.png contact: src/assets/img/forceshield.png
 12-11-2018 10:50:51 DEBUG GameEntity:85 - src/assets/img/bullet_player.png contact: src/assets/img/forceshield.png
 12-11-2018 10:50:51 DEBUG Bullet:29 - Shot
 12-11-2018 10:50:51 DEBUG GameEntity:85 - src/assets/img/bullet_player.png contact: src/assets/img/forceshield.png
 12-11-2018 10:50:51 DEBUG GameEntity:85 - src/assets/img/bullet_player.png contact: src/assets/img/forceshield.png
 12-11-2018 10:50:51 DEBUG GameEntity:85 - src/assets/img/bullet_player.png contact: src/assets/img/forceshield.png
 12-11-2018 10:50:51 DEBUG Bullet:29 - Shot
 12-11-2018 10:50:51 DEBUG GameEntity:85 - src/assets/img/bullet_player.png contact: src/assets/img/forceshield.png
 12-11-2018 10:50:51 DEBUG GameEvolver:89 - GameEvent Callback: Enemy down
 12-11-2018 10:50:51 DEBUG GameEntity:85 - src/assets/img/bullet_player.png contact: src/assets/img/forceshield.png
 12-11-2018 10:50:51 DEBUG GameEntity:85 - src/assets/img/bullet_player.png contact: src/assets/img/forceshield.png
 